{"numFailedTestSuites":2,"numFailedTests":2,"numPassedTestSuites":66,"numPassedTests":435,"numPendingTestSuites":0,"numPendingTests":0,"numRuntimeErrorTestSuites":0,"numTodoTests":0,"numTotalTestSuites":68,"numTotalTests":437,"openHandles":[],"snapshot":{"added":0,"didUpdate":false,"failure":false,"filesAdded":0,"filesRemoved":0,"filesRemovedList":[],"filesUnmatched":0,"filesUpdated":0,"matched":0,"total":0,"unchecked":0,"uncheckedKeysByFile":[],"unmatched":0,"updated":0},"startTime":1767444511143,"success":false,"testResults":[{"assertionResults":[{"ancestorTitles":["useAdminUsers"],"duration":84,"failing":false,"failureDetails":[],"failureMessages":[],"fullName":"useAdminUsers should fetch user list successfully","invocations":1,"location":null,"numPassingAsserts":3,"retryReasons":[],"startAt":1767444513422,"status":"passed","title":"should fetch user list successfully"},{"ancestorTitles":["useAdminUsers"],"duration":56,"failing":false,"failureDetails":[],"failureMessages":[],"fullName":"useAdminUsers should sort users by role and username","invocations":1,"location":null,"numPassingAsserts":4,"retryReasons":[],"startAt":1767444513507,"status":"passed","title":"should sort users by role and username"},{"ancestorTitles":["useAdminUsers"],"duration":59,"failing":false,"failureDetails":[],"failureMessages":[],"fullName":"useAdminUsers should handle errors","invocations":1,"location":null,"numPassingAsserts":2,"retryReasons":[],"startAt":1767444513563,"status":"passed","title":"should handle errors"},{"ancestorTitles":["useAdminUser"],"duration":58,"failing":false,"failureDetails":[],"failureMessages":[],"fullName":"useAdminUser should fetch user details successfully","invocations":1,"location":null,"numPassingAsserts":3,"retryReasons":[],"startAt":1767444513622,"status":"passed","title":"should fetch user details successfully"},{"ancestorTitles":["useAdminUser"],"duration":7,"failing":false,"failureDetails":[],"failureMessages":[],"fullName":"useAdminUser should not fetch when userId is null","invocations":1,"location":null,"numPassingAsserts":1,"retryReasons":[],"startAt":1767444513680,"status":"passed","title":"should not fetch when userId is null"},{"ancestorTitles":["useCreateUser"],"duration":62,"failing":false,"failureDetails":[],"failureMessages":[],"fullName":"useCreateUser should create user successfully","invocations":1,"location":null,"numPassingAsserts":2,"retryReasons":[],"startAt":1767444513688,"status":"passed","title":"should create user successfully"},{"ancestorTitles":["useCreateUser"],"duration":60,"failing":false,"failureDetails":[],"failureMessages":[],"fullName":"useCreateUser should handle creation errors","invocations":1,"location":null,"numPassingAsserts":2,"retryReasons":[],"startAt":1767444513751,"status":"passed","title":"should handle creation errors"},{"ancestorTitles":["useUpdateUser"],"duration":58,"failing":false,"failureDetails":[],"failureMessages":[],"fullName":"useUpdateUser should update user successfully","invocations":1,"location":null,"numPassingAsserts":2,"retryReasons":[],"startAt":1767444513812,"status":"passed","title":"should update user successfully"},{"ancestorTitles":["useDeleteUser"],"duration":61,"failing":false,"failureDetails":[],"failureMessages":[],"fullName":"useDeleteUser should delete user successfully","invocations":1,"location":null,"numPassingAsserts":2,"retryReasons":[],"startAt":1767444513870,"status":"passed","title":"should delete user successfully"},{"ancestorTitles":["useApproveUser"],"duration":60,"failing":false,"failureDetails":[],"failureMessages":[],"fullName":"useApproveUser should approve user successfully","invocations":1,"location":null,"numPassingAsserts":2,"retryReasons":[],"startAt":1767444513933,"status":"passed","title":"should approve user successfully"}],"endTime":1767444513997,"message":"","name":"/home/darc/LIMEN/frontend/hooks/__tests__/useAdminUsers.test.tsx","startTime":1767444511947,"status":"passed","summary":""},{"assertionResults":[{"ancestorTitles":["useQuota"],"duration":60,"failing":false,"failureDetails":[],"failureMessages":[],"fullName":"useQuota should fetch quota data successfully","invocations":1,"location":null,"numPassingAsserts":3,"retryReasons":[],"startAt":1767444514200,"status":"passed","title":"should fetch quota data successfully"},{"ancestorTitles":["useQuota"],"duration":61,"failing":false,"failureDetails":[],"failureMessages":[],"fullName":"useQuota should return null for invalid quota data","invocations":1,"location":null,"numPassingAsserts":2,"retryReasons":[],"startAt":1767444514261,"status":"passed","title":"should return null for invalid quota data"},{"ancestorTitles":["useQuota"],"duration":5,"failing":false,"failureDetails":[],"failureMessages":[],"fullName":"useQuota should not fetch when not authenticated","invocations":1,"location":null,"numPassingAsserts":1,"retryReasons":[],"startAt":1767444514322,"status":"passed","title":"should not fetch when not authenticated"},{"ancestorTitles":["useQuota"],"duration":3,"failing":false,"failureDetails":[],"failureMessages":[],"fullName":"useQuota should not fetch when not mounted","invocations":1,"location":null,"numPassingAsserts":1,"retryReasons":[],"startAt":1767444514327,"status":"passed","title":"should not fetch when not mounted"},{"ancestorTitles":["useQuota"],"duration":56,"failing":false,"failureDetails":[],"failureMessages":[],"fullName":"useQuota should handle errors","invocations":1,"location":null,"numPassingAsserts":2,"retryReasons":[],"startAt":1767444514330,"status":"passed","title":"should handle errors"},{"ancestorTitles":["useQuotaSuspense"],"duration":63,"failing":false,"failureDetails":[],"failureMessages":[],"fullName":"useQuotaSuspense should fetch quota data successfully","invocations":1,"location":null,"numPassingAsserts":2,"retryReasons":[],"startAt":1767444514387,"status":"passed","title":"should fetch quota data successfully"}],"endTime":1767444514452,"message":"","name":"/home/darc/LIMEN/frontend/hooks/__tests__/useQuota.test.tsx","startTime":1767444514066,"status":"passed","summary":""},{"assertionResults":[{"ancestorTitles":["RegisterForm"],"duration":84,"failing":false,"failureDetails":[],"failureMessages":[],"fullName":"RegisterForm renders registration form","invocations":1,"location":null,"numPassingAsserts":4,"retryReasons":[],"startAt":1767444514647,"status":"passed","title":"renders registration form"},{"ancestorTitles":["RegisterForm"],"duration":34,"failing":false,"failureDetails":[],"failureMessages":[],"fullName":"RegisterForm handles form submission","invocations":1,"location":null,"numPassingAsserts":1,"retryReasons":[],"startAt":1767444514732,"status":"passed","title":"handles form submission"},{"ancestorTitles":["RegisterForm"],"duration":24,"failing":false,"failureDetails":[],"failureMessages":[],"fullName":"RegisterForm validates password mismatch","invocations":1,"location":null,"numPassingAsserts":1,"retryReasons":[],"startAt":1767444514766,"status":"passed","title":"validates password mismatch"},{"ancestorTitles":["RegisterForm"],"duration":21,"failing":false,"failureDetails":[],"failureMessages":[],"fullName":"RegisterForm validates username format","invocations":1,"location":null,"numPassingAsserts":1,"retryReasons":[],"startAt":1767444514790,"status":"passed","title":"validates username format"},{"ancestorTitles":["RegisterForm"],"duration":22,"failing":false,"failureDetails":[],"failureMessages":[],"fullName":"RegisterForm validates password strength","invocations":1,"location":null,"numPassingAsserts":1,"retryReasons":[],"startAt":1767444514811,"status":"passed","title":"validates password strength"}],"endTime":1767444514834,"message":"","name":"/home/darc/LIMEN/frontend/components/__tests__/RegisterForm.test.tsx","startTime":1767444514503,"status":"passed","summary":""},{"assertionResults":[{"ancestorTitles":["useOptimisticUpdate"],"duration":60,"failing":false,"failureDetails":[],"failureMessages":[],"fullName":"useOptimisticUpdate should perform optimistic update","invocations":1,"location":null,"numPassingAsserts":2,"retryReasons":[],"startAt":1767444514952,"status":"passed","title":"should perform optimistic update"},{"ancestorTitles":["useOptimisticUpdate"],"duration":58,"failing":false,"failureDetails":[],"failureMessages":[],"fullName":"useOptimisticUpdate should rollback on error","invocations":1,"location":null,"numPassingAsserts":2,"retryReasons":[],"startAt":1767444515013,"status":"passed","title":"should rollback on error"},{"ancestorTitles":["useOptimisticUpdate"],"duration":59,"failing":false,"failureDetails":[],"failureMessages":[],"fullName":"useOptimisticUpdate should call onSuccess callback","invocations":1,"location":null,"numPassingAsserts":2,"retryReasons":[],"startAt":1767444515071,"status":"passed","title":"should call onSuccess callback"},{"ancestorTitles":["useOptimisticUpdate"],"duration":55,"failing":false,"failureDetails":[],"failureMessages":[],"fullName":"useOptimisticUpdate should handle mutation options","invocations":1,"location":null,"numPassingAsserts":1,"retryReasons":[],"startAt":1767444515130,"status":"passed","title":"should handle mutation options"}],"endTime":1767444515186,"message":"","name":"/home/darc/LIMEN/frontend/hooks/__tests__/useOptimisticUpdate.test.tsx","startTime":1767444514847,"status":"passed","summary":""},{"assertionResults":[{"ancestorTitles":["useVMs"],"duration":80,"failing":false,"failureDetails":[],"failureMessages":[],"fullName":"useVMs should fetch VM list successfully","invocations":1,"location":null,"numPassingAsserts":3,"retryReasons":[],"startAt":1767444513573,"status":"passed","title":"should fetch VM list successfully"},{"ancestorTitles":["useVMs"],"duration":111,"failing":false,"failureDetails":[],"failureMessages":[],"fullName":"useVMs should return empty array for non-array response","invocations":1,"location":null,"numPassingAsserts":2,"retryReasons":[],"startAt":1767444513654,"status":"passed","title":"should return empty array for non-array response"},{"ancestorTitles":["useVMs"],"duration":7,"failing":false,"failureDetails":[],"failureMessages":[],"fullName":"useVMs should not fetch when not authenticated","invocations":1,"location":null,"numPassingAsserts":1,"retryReasons":[],"startAt":1767444513765,"status":"passed","title":"should not fetch when not authenticated"},{"ancestorTitles":["useVMs"],"duration":57,"failing":false,"failureDetails":[],"failureMessages":[],"fullName":"useVMs should handle errors","invocations":1,"location":null,"numPassingAsserts":2,"retryReasons":[],"startAt":1767444513772,"status":"passed","title":"should handle errors"},{"ancestorTitles":["useVMsSuspense"],"duration":65,"failing":false,"failureDetails":[],"failureMessages":[],"fullName":"useVMsSuspense should fetch VM list successfully","invocations":1,"location":null,"numPassingAsserts":2,"retryReasons":[],"startAt":1767444513830,"status":"passed","title":"should fetch VM list successfully"},{"ancestorTitles":["useCreateVM"],"duration":63,"failing":false,"failureDetails":[],"failureMessages":[],"fullName":"useCreateVM should create VM successfully","invocations":1,"location":null,"numPassingAsserts":3,"retryReasons":[],"startAt":1767444513896,"status":"passed","title":"should create VM successfully"},{"ancestorTitles":["useCreateVM"],"duration":58,"failing":false,"failureDetails":[],"failureMessages":[],"fullName":"useCreateVM should handle creation errors","invocations":1,"location":null,"numPassingAsserts":2,"retryReasons":[],"startAt":1767444513960,"status":"passed","title":"should handle creation errors"},{"ancestorTitles":["useVMAction"],"duration":1025,"failing":false,"failureDetails":[{},{"matcherResult":{"actual":false,"expected":true,"message":"expect(received).toBe(expected) // Object.is equality\n\nExpected: true\nReceived: false","name":"toBe","pass":false}}],"failureMessages":["TypeError: Cannot read properties of undefined (reading 'status')\n    at status (/home/darc/LIMEN/frontend/hooks/useVMs.ts:356:57)\n    at process.env.NODE_ENV.exports.startTransition (/home/darc/LIMEN/frontend/node_modules/react/cjs/react.development.js:1158:27)\n    at /home/darc/LIMEN/frontend/hooks/useVMs.ts:344:24\n    at invokeTheCallbackFunction (/home/darc/LIMEN/frontend/node_modules/jsdom/lib/jsdom/living/generated/Function.js:19:26)\n    at /home/darc/LIMEN/frontend/node_modules/jsdom/lib/jsdom/browser/Window.js:613:9\n    at node:internal/process/task_queues:151:7\n    at AsyncResource.runInAsyncScope (node:async_hooks:211:14)\n    at AsyncResource.runMicrotask (node:internal/process/task_queues:148:8)","Error: expect(received).toBe(expected) // Object.is equality\n\nExpected: true\nReceived: false\n\nIgnored nodes: comments, script, style\n\u001b[36m<html>\u001b[39m\n  \u001b[36m<head />\u001b[39m\n  \u001b[36m<body>\u001b[39m\n    \u001b[36m<div />\u001b[39m\n  \u001b[36m</body>\u001b[39m\n\u001b[36m</html>\u001b[39m\n    at toBe (/home/darc/LIMEN/frontend/hooks/__tests__/useVMs.test.tsx:199:40)\n    at runWithExpensiveErrorDiagnosticsDisabled (/home/darc/LIMEN/frontend/node_modules/@testing-library/dom/dist/config.js:47:12)\n    at checkCallback (/home/darc/LIMEN/frontend/node_modules/@testing-library/dom/dist/wait-for.js:124:77)\n    at checkRealTimersCallback (/home/darc/LIMEN/frontend/node_modules/@testing-library/dom/dist/wait-for.js:118:16)\n    at Timeout.task [as _onTimeout] (/home/darc/LIMEN/frontend/node_modules/jsdom/lib/jsdom/browser/Window.js:579:19)\n    at listOnTimeout (node:internal/timers:594:17)\n    at processTimers (node:internal/timers:529:7)"],"fullName":"useVMAction should start VM successfully","invocations":1,"location":null,"numPassingAsserts":0,"retryReasons":[],"startAt":1767444514018,"status":"failed","title":"should start VM successfully"},{"ancestorTitles":["useVMAction"],"duration":60,"failing":false,"failureDetails":[],"failureMessages":[],"fullName":"useVMAction should stop VM successfully","invocations":1,"location":null,"numPassingAsserts":2,"retryReasons":[],"startAt":1767444515046,"status":"passed","title":"should stop VM successfully"},{"ancestorTitles":["useVMAction"],"duration":57,"failing":false,"failureDetails":[],"failureMessages":[],"fullName":"useVMAction should handle action errors","invocations":1,"location":null,"numPassingAsserts":2,"retryReasons":[],"startAt":1767444515107,"status":"passed","title":"should handle action errors"}],"endTime":1767444515192,"message":"  ● useVMAction › should start VM successfully\n\n    TypeError: Cannot read properties of undefined (reading 'status')\n\n      354 |           // 중요: start 액션의 경우 서버 응답 상태를 확인\n      355 |           // 만약 서버가 'Stopped'를 반환하면 VM이 시작 실패한 것\n    > 356 |           if (variables.action === 'start' && updatedVM.status === 'Stopped') {\n          |                                                         ^\n      357 |             // VM 시작 실패: 상태를 원래대로 되돌리고 에러 메시지 표시\n      358 |             logger.warn('[useVMAction] VM start failed, status is Stopped', {\n      359 |               uuid: variables.uuid,\n\n      at status (hooks/useVMs.ts:356:57)\n      at process.env.NODE_ENV.exports.startTransition (node_modules/react/cjs/react.development.js:1158:27)\n      at hooks/useVMs.ts:344:24\n      at invokeTheCallbackFunction (node_modules/jsdom/lib/jsdom/living/generated/Function.js:19:26)\n      at node_modules/jsdom/lib/jsdom/browser/Window.js:613:9\n\n  ● useVMAction › should start VM successfully\n\n    expect(received).toBe(expected) // Object.is equality\n\n    Expected: true\n    Received: false\n\n    Ignored nodes: comments, script, style\n    \u001b[36m<html>\u001b[39m\n      \u001b[36m<head />\u001b[39m\n      \u001b[36m<body>\u001b[39m\n        \u001b[36m<div />\u001b[39m\n      \u001b[36m</body>\u001b[39m\n    \u001b[36m</html>\u001b[39m\n\n      197 |\n      198 |     await waitFor(() => {\n    > 199 |       expect(result.current.isSuccess).toBe(true)\n          |                                        ^\n      200 |     })\n      201 |\n      202 |     expect(mockVMAPI.action).toHaveBeenCalledWith(uuid, 'start', {})\n\n      at toBe (hooks/__tests__/useVMs.test.tsx:199:40)\n      at runWithExpensiveErrorDiagnosticsDisabled (node_modules/@testing-library/dom/dist/config.js:47:12)\n      at checkCallback (node_modules/@testing-library/dom/dist/wait-for.js:124:77)\n      at checkRealTimersCallback (node_modules/@testing-library/dom/dist/wait-for.js:118:16)\n      at Timeout.task [as _onTimeout] (node_modules/jsdom/lib/jsdom/browser/Window.js:579:19)\n","name":"/home/darc/LIMEN/frontend/hooks/__tests__/useVMs.test.tsx","startTime":1767444511938,"status":"failed","summary":""},{"assertionResults":[{"ancestorTitles":["Toast"],"duration":19,"failing":false,"failureDetails":[],"failureMessages":[],"fullName":"Toast renders toast message","invocations":1,"location":null,"numPassingAsserts":1,"retryReasons":[],"startAt":1767444515344,"status":"passed","title":"renders toast message"},{"ancestorTitles":["Toast"],"duration":6,"failing":false,"failureDetails":[],"failureMessages":[],"fullName":"Toast renders with success type","invocations":1,"location":null,"numPassingAsserts":1,"retryReasons":[],"startAt":1767444515364,"status":"passed","title":"renders with success type"},{"ancestorTitles":["Toast"],"duration":4,"failing":false,"failureDetails":[],"failureMessages":[],"fullName":"Toast renders with error type","invocations":1,"location":null,"numPassingAsserts":1,"retryReasons":[],"startAt":1767444515371,"status":"passed","title":"renders with error type"},{"ancestorTitles":["Toast"],"duration":4,"failing":false,"failureDetails":[],"failureMessages":[],"fullName":"Toast renders with warning type","invocations":1,"location":null,"numPassingAsserts":1,"retryReasons":[],"startAt":1767444515375,"status":"passed","title":"renders with warning type"},{"ancestorTitles":["Toast"],"duration":4,"failing":false,"failureDetails":[],"failureMessages":[],"fullName":"Toast renders with info type","invocations":1,"location":null,"numPassingAsserts":1,"retryReasons":[],"startAt":1767444515379,"status":"passed","title":"renders with info type"},{"ancestorTitles":["Toast"],"duration":35,"failing":false,"failureDetails":[],"failureMessages":[],"fullName":"Toast calls onClose when close button is clicked","invocations":1,"location":null,"numPassingAsserts":1,"retryReasons":[],"startAt":1767444515383,"status":"passed","title":"calls onClose when close button is clicked"},{"ancestorTitles":["Toast"],"duration":4,"failing":false,"failureDetails":[],"failureMessages":[],"fullName":"Toast auto-closes after default duration","invocations":1,"location":null,"numPassingAsserts":2,"retryReasons":[],"startAt":1767444515419,"status":"passed","title":"auto-closes after default duration"},{"ancestorTitles":["Toast"],"duration":5,"failing":false,"failureDetails":[],"failureMessages":[],"fullName":"Toast auto-closes after custom duration","invocations":1,"location":null,"numPassingAsserts":2,"retryReasons":[],"startAt":1767444515423,"status":"passed","title":"auto-closes after custom duration"}],"endTime":1767444515429,"message":"","name":"/home/darc/LIMEN/frontend/components/__tests__/Toast.test.tsx","startTime":1767444515196,"status":"passed","summary":""},{"assertionResults":[{"ancestorTitles":["User Management Page"],"duration":55,"failing":false,"failureDetails":[],"failureMessages":[],"fullName":"User Management Page renders user management page when admin","invocations":1,"location":null,"numPassingAsserts":1,"retryReasons":[],"startAt":1767444512483,"status":"passed","title":"renders user management page when admin"},{"ancestorTitles":["User Management Page"],"duration":3019,"failing":false,"failureDetails":[{"matcherResult":{"message":"expect(jest.fn()).toHaveBeenCalledWith(...expected)\n\nExpected: \"/\"\nReceived: \"/dashboard\"\n\nNumber of calls: 1","pass":false}}],"failureMessages":["Error: expect(jest.fn()).toHaveBeenCalledWith(...expected)\n\nExpected: \"/\"\nReceived: \"/dashboard\"\n\nNumber of calls: 1\n\nIgnored nodes: comments, script, style\n\u001b[36m<html>\u001b[39m\n  \u001b[36m<head />\u001b[39m\n  \u001b[36m<body>\u001b[39m\n    \u001b[36m<div>\u001b[39m\n      \u001b[36m<div\u001b[39m\n        \u001b[33mclass\u001b[39m=\u001b[32m\"min-h-screen p-4 sm:p-6 md:p-8 bg-gray-50 dark:bg-gray-900 text-gray-900 dark:text-gray-100 font-sans transition-colors\"\u001b[39m\n      \u001b[36m>\u001b[39m\n        \u001b[36m<main\u001b[39m\n          \u001b[33mclass\u001b[39m=\u001b[32m\"max-w-7xl mx-auto flex flex-col gap-4 sm:gap-6 md:gap-8\"\u001b[39m\n        \u001b[36m>\u001b[39m\n          \u001b[36m<header\u001b[39m\n            \u001b[33mclass\u001b[39m=\u001b[32m\"flex flex-col sm:flex-row justify-between items-start sm:items-center gap-4 border-b border-gray-200 dark:border-gray-700 pb-4\"\u001b[39m\n          \u001b[36m>\u001b[39m\n            \u001b[36m<div\u001b[39m\n              \u001b[33mclass\u001b[39m=\u001b[32m\"flex items-center gap-4\"\u001b[39m\n            \u001b[36m>\u001b[39m\n              \u001b[36m<button\u001b[39m\n                \u001b[33mclass\u001b[39m=\u001b[32m\"px-3 py-1 text-sm bg-gray-500 dark:bg-gray-600 text-white rounded hover:bg-gray-600 dark:hover:bg-gray-700 transition-colors\"\u001b[39m\n              \u001b[36m>\u001b[39m\n                \u001b[0m← Back to Dashboard\u001b[0m\n              \u001b[36m</button>\u001b[39m\n              \u001b[36m<h1\u001b[39m\n                \u001b[33mclass\u001b[39m=\u001b[32m\"text-2xl sm:text-3xl font-bold\"\u001b[39m\n              \u001b[36m>\u001b[39m\n                \u001b[0mUser Management\u001b[0m\n              \u001b[36m</h1>\u001b[39m\n            \u001b[36m</div>\u001b[39m\n            \u001b[36m<div\u001b[39m\n              \u001b[33mclass\u001b[39m=\u001b[32m\"flex items-center gap-4\"\u001b[39m\n            \u001b[36m>\u001b[39m\n              \u001b[36m<div\u001b[39m\n                \u001b[33mclass\u001b[39m=\u001b[32m\"relative create-user-popup-container\"\u001b[39m\n              \u001b[36m>\u001b[39m\n                \u001b[36m<button\u001b[39m\n                  \u001b[33mclass\u001b[39m=\u001b[32m\"px-3 py-1 text-sm bg-blue-600 dark:bg-blue-500 text-white rounded hover:bg-blue-700 dark:hover:bg-blue-600 transition-colors\"\u001b[39m\n                \u001b[36m>\u001b[39m\n                  \u001b[0m+ New User\u001b[0m\n                \u001b[36m</button>\u001b[39m\n              \u001b[36m</div>\u001b[39m\n            \u001b[36m</div>\u001b[39m\n          \u001b[36m</header>\u001b[39m\n          \u001b[36m<div\u001b[39m\n            \u001b[33mclass\u001b[39m=\u001b[32m\"hidden md:block bg-white dark:bg-gray-800 rounded-xl shadow-sm border border-gray-200 dark:border-gray-700 overflow-hidden transition-colors\"\u001b[39m\n          \u001b[36m>\u001b[39m\n            \u001b[36m<table\u001b[39m\n              \u001b[33mclass\u001b[39m=\u001b[32m\"w-full\"\u001b[39m\n            \u001b[36m>\u001b[39m\n              \u001b[36m<thead\u001b[39m\n                \u001b[33mclass\u001b[39m=\u001b[32m\"bg-gray-50 dark:bg-gray-700\"\u001b[39m\n              \u001b[36m>\u001b[39m\n                \u001b[36m<tr>\u001b[39m\n                  \u001b[36m<th\u001b[39m\n                    \u001b[33mclass\u001b[39m=\u001b[32m\"px-6 py-3 text-left text-xs font-medium text-gray-700 dark:text-gray-300 uppercase tracking-wider\"\u001b[39m\n                  \u001b[36m>\u001b[39m\n                    \u001b[0mUser\u001b[0m\n                  \u001b[36m</th>\u001b[39m\n                  \u001b[36m<th\u001b[39m\n                    \u001b[33mclass\u001b[39m=\u001b[32m\"px-6 py-3 text-left text-xs font-medium text-gray-700 dark:text-gray-300 uppercase tracking-wider\"\u001b[39m\n                  \u001b[36m>\u001b[39m\n                    \u001b[0mRole\u001b[0m\n                  \u001b[36m</th>\u001b[39m\n                  \u001b[36m<th\u001b[39m\n                    \u001b[33mclass\u001b[39m=\u001b[32m\"px-6 py-3 text-left text-xs font-medium text-gray-700 dark:text-gray-300 uppercase tracking-wider\"\u001b[39m\n                  \u001b[36m>\u001b[39m\n                    \u001b[0mStatus\u001b[0m\n                  \u001b[36m</th>\u001b[39m\n                  \u001b[36m<th\u001b[39m\n                    \u001b[33mclass\u001b[39m=\u001b[32m\"px-6 py-3 text-left text-xs font-medium text-gray-700 dark:text-gray-300 uppercase tracking-wider\"\u001b[39m\n                  \u001b[36m>\u001b[39m\n                    \u001b[0mVMs\u001b[0m\n                  \u001b[36m</th>\u001b[39m\n                  \u001b[36m<th\u001b[39m\n                    \u001b[33mclass\u001b[39m=\u001b[32m\"px-6 py-3 text-left text-xs font-medium text-gray-700 dark:text-gray-300 uppercase tracking-wider\"\u001b[39m\n                  \u001b[36m>\u001b[39m\n                    \u001b[0mResources\u001b[0m\n                  \u001b[36m</th>\u001b[39m\n                  \u001b[36m<th\u001b[39m\n                    \u001b[33mclass\u001b[39m=\u001b[32m\"px-6 py-3 text-left text-xs font-medium text-gray-700 dark:text-gray-300 uppercase tracking-wider\"\u001b[39m\n                  \u001b[36m>\u001b[39m\n                    \u001b[0mCreated\u001b[0m\n                  \u001b[36m</th>\u001b[39m\n                  \u001b[36m<th\u001b[39m\n                    \u001b[33mclass\u001b[39m=\u001b[32m\"px-6 py-3 text-left text-xs font-medium text-gray-700 dark:text-gray-300 uppercase tracking-wider\"\u001b[39m\n                  \u001b[36m>\u001b[39m\n                    \u001b[0mActions\u001b[0m\n                  \u001b[36m</th>\u001b[39m\n                \u001b[36m</tr>\u001b[39m\n              \u001b[36m</thead>\u001b[39m\n              \u001b[36m<tbody\u001b[39m\n                \u001b[33mclass\u001b[39m=\u001b[32m\"divide-y divide-gray-200 dark:divide-gray-700\"\u001b[39m\n              \u001b[36m/>\u001b[39m\n            \u001b[36m</table>\u001b[39m\n          \u001b[36m</div>\u001b[39m\n          \u001b[36m<div\u001b[39m\n            \u001b[33mclass\u001b[39m=\u001b[32m\"md:hidden space-y-4\"\u001b[39m\n          \u001b[36m/>\u001b[39m\n        \u001b[36m</main>\u001b[39m\n      \u001b[36m</div>\u001b[39m\n    \u001b[36m</div>\u001b[39m\n  \u001b[36m</body>\u001b[39m\n\u001b[36m</html>\u001b[39m\n    at toHaveBeenCalledWith (/home/darc/LIMEN/frontend/app/(protected)/admin/users/__tests__/page.test.tsx:83:31)\n    at runWithExpensiveErrorDiagnosticsDisabled (/home/darc/LIMEN/frontend/node_modules/@testing-library/dom/dist/config.js:47:12)\n    at checkCallback (/home/darc/LIMEN/frontend/node_modules/@testing-library/dom/dist/wait-for.js:124:77)\n    at checkRealTimersCallback (/home/darc/LIMEN/frontend/node_modules/@testing-library/dom/dist/wait-for.js:118:16)\n    at Timeout.task [as _onTimeout] (/home/darc/LIMEN/frontend/node_modules/jsdom/lib/jsdom/browser/Window.js:579:19)\n    at listOnTimeout (node:internal/timers:594:17)\n    at processTimers (node:internal/timers:529:7)"],"fullName":"User Management Page redirects non-admin users","invocations":1,"location":null,"numPassingAsserts":0,"retryReasons":[],"startAt":1767444512539,"status":"failed","title":"redirects non-admin users"}],"endTime":1767444515587,"message":"  ● User Management Page › redirects non-admin users\n\n    expect(jest.fn()).toHaveBeenCalledWith(...expected)\n\n    Expected: \"/\"\n    Received: \"/dashboard\"\n\n    Number of calls: 1\n\n    Ignored nodes: comments, script, style\n    \u001b[36m<html>\u001b[39m\n      \u001b[36m<head />\u001b[39m\n      \u001b[36m<body>\u001b[39m\n        \u001b[36m<div>\u001b[39m\n          \u001b[36m<div\u001b[39m\n            \u001b[33mclass\u001b[39m=\u001b[32m\"min-h-screen p-4 sm:p-6 md:p-8 bg-gray-50 dark:bg-gray-900 text-gray-900 dark:text-gray-100 font-sans transition-colors\"\u001b[39m\n          \u001b[36m>\u001b[39m\n            \u001b[36m<main\u001b[39m\n              \u001b[33mclass\u001b[39m=\u001b[32m\"max-w-7xl mx-auto flex flex-col gap-4 sm:gap-6 md:gap-8\"\u001b[39m\n            \u001b[36m>\u001b[39m\n              \u001b[36m<header\u001b[39m\n                \u001b[33mclass\u001b[39m=\u001b[32m\"flex flex-col sm:flex-row justify-between items-start sm:items-center gap-4 border-b border-gray-200 dark:border-gray-700 pb-4\"\u001b[39m\n              \u001b[36m>\u001b[39m\n                \u001b[36m<div\u001b[39m\n                  \u001b[33mclass\u001b[39m=\u001b[32m\"flex items-center gap-4\"\u001b[39m\n                \u001b[36m>\u001b[39m\n                  \u001b[36m<button\u001b[39m\n                    \u001b[33mclass\u001b[39m=\u001b[32m\"px-3 py-1 text-sm bg-gray-500 dark:bg-gray-600 text-white rounded hover:bg-gray-600 dark:hover:bg-gray-700 transition-colors\"\u001b[39m\n                  \u001b[36m>\u001b[39m\n                    \u001b[0m← Back to Dashboard\u001b[0m\n                  \u001b[36m</button>\u001b[39m\n                  \u001b[36m<h1\u001b[39m\n                    \u001b[33mclass\u001b[39m=\u001b[32m\"text-2xl sm:text-3xl font-bold\"\u001b[39m\n                  \u001b[36m>\u001b[39m\n                    \u001b[0mUser Management\u001b[0m\n                  \u001b[36m</h1>\u001b[39m\n                \u001b[36m</div>\u001b[39m\n                \u001b[36m<div\u001b[39m\n                  \u001b[33mclass\u001b[39m=\u001b[32m\"flex items-center gap-4\"\u001b[39m\n                \u001b[36m>\u001b[39m\n                  \u001b[36m<div\u001b[39m\n                    \u001b[33mclass\u001b[39m=\u001b[32m\"relative create-user-popup-container\"\u001b[39m\n                  \u001b[36m>\u001b[39m\n                    \u001b[36m<button\u001b[39m\n                      \u001b[33mclass\u001b[39m=\u001b[32m\"px-3 py-1 text-sm bg-blue-600 dark:bg-blue-500 text-white rounded hover:bg-blue-700 dark:hover:bg-blue-600 transition-colors\"\u001b[39m\n                    \u001b[36m>\u001b[39m\n                      \u001b[0m+ New User\u001b[0m\n                    \u001b[36m</button>\u001b[39m\n                  \u001b[36m</div>\u001b[39m\n                \u001b[36m</div>\u001b[39m\n              \u001b[36m</header>\u001b[39m\n              \u001b[36m<div\u001b[39m\n                \u001b[33mclass\u001b[39m=\u001b[32m\"hidden md:block bg-white dark:bg-gray-800 rounded-xl shadow-sm border border-gray-200 dark:border-gray-700 overflow-hidden transition-colors\"\u001b[39m\n              \u001b[36m>\u001b[39m\n                \u001b[36m<table\u001b[39m\n                  \u001b[33mclass\u001b[39m=\u001b[32m\"w-full\"\u001b[39m\n                \u001b[36m>\u001b[39m\n                  \u001b[36m<thead\u001b[39m\n                    \u001b[33mclass\u001b[39m=\u001b[32m\"bg-gray-50 dark:bg-gray-700\"\u001b[39m\n                  \u001b[36m>\u001b[39m\n                    \u001b[36m<tr>\u001b[39m\n                      \u001b[36m<th\u001b[39m\n                        \u001b[33mclass\u001b[39m=\u001b[32m\"px-6 py-3 text-left text-xs font-medium text-gray-700 dark:text-gray-300 uppercase tracking-wider\"\u001b[39m\n                      \u001b[36m>\u001b[39m\n                        \u001b[0mUser\u001b[0m\n                      \u001b[36m</th>\u001b[39m\n                      \u001b[36m<th\u001b[39m\n                        \u001b[33mclass\u001b[39m=\u001b[32m\"px-6 py-3 text-left text-xs font-medium text-gray-700 dark:text-gray-300 uppercase tracking-wider\"\u001b[39m\n                      \u001b[36m>\u001b[39m\n                        \u001b[0mRole\u001b[0m\n                      \u001b[36m</th>\u001b[39m\n                      \u001b[36m<th\u001b[39m\n                        \u001b[33mclass\u001b[39m=\u001b[32m\"px-6 py-3 text-left text-xs font-medium text-gray-700 dark:text-gray-300 uppercase tracking-wider\"\u001b[39m\n                      \u001b[36m>\u001b[39m\n                        \u001b[0mStatus\u001b[0m\n                      \u001b[36m</th>\u001b[39m\n                      \u001b[36m<th\u001b[39m\n                        \u001b[33mclass\u001b[39m=\u001b[32m\"px-6 py-3 text-left text-xs font-medium text-gray-700 dark:text-gray-300 uppercase tracking-wider\"\u001b[39m\n                      \u001b[36m>\u001b[39m\n                        \u001b[0mVMs\u001b[0m\n                      \u001b[36m</th>\u001b[39m\n                      \u001b[36m<th\u001b[39m\n                        \u001b[33mclass\u001b[39m=\u001b[32m\"px-6 py-3 text-left text-xs font-medium text-gray-700 dark:text-gray-300 uppercase tracking-wider\"\u001b[39m\n                      \u001b[36m>\u001b[39m\n                        \u001b[0mResources\u001b[0m\n                      \u001b[36m</th>\u001b[39m\n                      \u001b[36m<th\u001b[39m\n                        \u001b[33mclass\u001b[39m=\u001b[32m\"px-6 py-3 text-left text-xs font-medium text-gray-700 dark:text-gray-300 uppercase tracking-wider\"\u001b[39m\n                      \u001b[36m>\u001b[39m\n                        \u001b[0mCreated\u001b[0m\n                      \u001b[36m</th>\u001b[39m\n                      \u001b[36m<th\u001b[39m\n                        \u001b[33mclass\u001b[39m=\u001b[32m\"px-6 py-3 text-left text-xs font-medium text-gray-700 dark:text-gray-300 uppercase tracking-wider\"\u001b[39m\n                      \u001b[36m>\u001b[39m\n                        \u001b[0mActions\u001b[0m\n                      \u001b[36m</th>\u001b[39m\n                    \u001b[36m</tr>\u001b[39m\n                  \u001b[36m</thead>\u001b[39m\n                  \u001b[36m<tbody\u001b[39m\n                    \u001b[33mclass\u001b[39m=\u001b[32m\"divide-y divide-gray-200 dark:divide-gray-700\"\u001b[39m\n                  \u001b[36m/>\u001b[39m\n                \u001b[36m</table>\u001b[39m\n              \u001b[36m</div>\u001b[39m\n              \u001b[36m<div\u001b[39m\n                \u001b[33mclass\u001b[39m=\u001b[32m\"md:hidden space-y-4\"\u001b[39m\n              \u001b[36m/>\u001b[39m\n            \u001b[36m</main>\u001b[39m\n          \u001b[36m</div>\u001b[39m\n        \u001b[36m</div>\u001b[39m\n      \u001b[36m</body>\u001b[39m\n    \u001b[36m</html>\u001b[39m\n\n      81 |\n      82 |     await waitFor(() => {\n    > 83 |       expect(mockRouter.push).toHaveBeenCalledWith('/')\n         |                               ^\n      84 |     }, { timeout: 3000 })\n      85 |   })\n      86 | })\n\n      at toHaveBeenCalledWith (/home/darc/LIMEN/frontend/app/(protected)../../../../admin/users/__tests__/page.test.tsx:83:31)\n      at runWithExpensiveErrorDiagnosticsDisabled (node_modules/@testing-library/dom/dist/config.js:47:12)\n      at checkCallback (node_modules/@testing-library/dom/dist/wait-for.js:124:77)\n      at checkRealTimersCallback (node_modules/@testing-library/dom/dist/wait-for.js:118:16)\n      at Timeout.task [as _onTimeout] (node_modules/jsdom/lib/jsdom/browser/Window.js:579:19)\n","name":"/home/darc/LIMEN/frontend/app/(protected)/admin/users/__tests__/page.test.tsx","startTime":1767444511948,"status":"failed","summary":""},{"assertionResults":[{"ancestorTitles":["HealthStatus"],"duration":13,"failing":false,"failureDetails":[],"failureMessages":[],"fullName":"HealthStatus renders loading state initially","invocations":1,"location":null,"numPassingAsserts":1,"retryReasons":[],"startAt":1767444515694,"status":"passed","title":"renders loading state initially"},{"ancestorTitles":["HealthStatus"],"duration":39,"failing":false,"failureDetails":[],"failureMessages":[],"fullName":"HealthStatus displays health data when available","invocations":1,"location":null,"numPassingAsserts":2,"retryReasons":[],"startAt":1767444515708,"status":"passed","title":"displays health data when available"},{"ancestorTitles":["HealthStatus"],"duration":13,"failing":false,"failureDetails":[],"failureMessages":[],"fullName":"HealthStatus handles fetch errors","invocations":1,"location":null,"numPassingAsserts":1,"retryReasons":[],"startAt":1767444515747,"status":"passed","title":"handles fetch errors"},{"ancestorTitles":["HealthStatus"],"duration":8,"failing":false,"failureDetails":[],"failureMessages":[],"fullName":"HealthStatus fetches health status on mount","invocations":1,"location":null,"numPassingAsserts":1,"retryReasons":[],"startAt":1767444515760,"status":"passed","title":"fetches health status on mount"},{"ancestorTitles":["HealthStatus"],"duration":28,"failing":false,"failureDetails":[],"failureMessages":[],"fullName":"HealthStatus handles HTTP error responses","invocations":1,"location":null,"numPassingAsserts":1,"retryReasons":[],"startAt":1767444515769,"status":"passed","title":"handles HTTP error responses"},{"ancestorTitles":["HealthStatus"],"duration":12,"failing":false,"failureDetails":[],"failureMessages":[],"fullName":"HealthStatus handles timeout errors","invocations":1,"location":null,"numPassingAsserts":1,"retryReasons":[],"startAt":1767444515797,"status":"passed","title":"handles timeout errors"},{"ancestorTitles":["HealthStatus"],"duration":7,"failing":false,"failureDetails":[],"failureMessages":[],"fullName":"HealthStatus handles network online event","invocations":1,"location":null,"numPassingAsserts":1,"retryReasons":[],"startAt":1767444515810,"status":"passed","title":"handles network online event"},{"ancestorTitles":["HealthStatus"],"duration":12,"failing":false,"failureDetails":[],"failureMessages":[],"fullName":"HealthStatus handles network offline event","invocations":1,"location":null,"numPassingAsserts":1,"retryReasons":[],"startAt":1767444515817,"status":"passed","title":"handles network offline event"}],"endTime":1767444515831,"message":"","name":"/home/darc/LIMEN/frontend/components/__tests__/HealthStatus.test.tsx","startTime":1767444515443,"status":"passed","summary":""},{"assertionResults":[{"ancestorTitles":["VMListSection Additional Scenarios"],"duration":213,"failing":false,"failureDetails":[],"failureMessages":[],"fullName":"VMListSection Additional Scenarios calls onAction when action button is clicked","invocations":1,"location":null,"numPassingAsserts":1,"retryReasons":[],"startAt":1767444515577,"status":"passed","title":"calls onAction when action button is clicked"},{"ancestorTitles":["VMListSection Additional Scenarios"],"duration":64,"failing":false,"failureDetails":[],"failureMessages":[],"fullName":"VMListSection Additional Scenarios calls onEdit when edit button is clicked","invocations":1,"location":null,"numPassingAsserts":1,"retryReasons":[],"startAt":1767444515790,"status":"passed","title":"calls onEdit when edit button is clicked"},{"ancestorTitles":["VMListSection Additional Scenarios"],"duration":25,"failing":false,"failureDetails":[],"failureMessages":[],"fullName":"VMListSection Additional Scenarios displays processing state when processingId is set","invocations":1,"location":null,"numPassingAsserts":1,"retryReasons":[],"startAt":1767444515854,"status":"passed","title":"displays processing state when processingId is set"},{"ancestorTitles":["VMListSection Additional Scenarios"],"duration":31,"failing":false,"failureDetails":[],"failureMessages":[],"fullName":"VMListSection Additional Scenarios handles window resize","invocations":1,"location":null,"numPassingAsserts":2,"retryReasons":[],"startAt":1767444515879,"status":"passed","title":"handles window resize"}],"endTime":1767444515911,"message":"","name":"/home/darc/LIMEN/frontend/components/__tests__/VMListSection.additional.test.tsx","startTime":1767444515274,"status":"passed","summary":""},{"assertionResults":[{"ancestorTitles":["useAgentMetrics"],"duration":59,"failing":false,"failureDetails":[],"failureMessages":[],"fullName":"useAgentMetrics fetches agent metrics when authenticated","invocations":1,"location":null,"numPassingAsserts":2,"retryReasons":[],"startAt":1767444516123,"status":"passed","title":"fetches agent metrics when authenticated"},{"ancestorTitles":["useAgentMetrics"],"duration":2,"failing":false,"failureDetails":[],"failureMessages":[],"fullName":"useAgentMetrics does not fetch when not authenticated","invocations":1,"location":null,"numPassingAsserts":1,"retryReasons":[],"startAt":1767444516182,"status":"passed","title":"does not fetch when not authenticated"},{"ancestorTitles":["useAgentMetrics"],"duration":10,"failing":false,"failureDetails":[],"failureMessages":[],"fullName":"useAgentMetrics handles 503 errors gracefully","invocations":1,"location":null,"numPassingAsserts":1,"retryReasons":[],"startAt":1767444516184,"status":"passed","title":"handles 503 errors gracefully"}],"endTime":1767444516195,"message":"","name":"/home/darc/LIMEN/frontend/hooks/__tests__/useAgentMetrics.test.tsx","startTime":1767444515938,"status":"passed","summary":""},{"assertionResults":[{"ancestorTitles":["ThemeProvider"],"duration":11,"failing":false,"failureDetails":[],"failureMessages":[],"fullName":"ThemeProvider provides theme context","invocations":1,"location":null,"numPassingAsserts":2,"retryReasons":[],"startAt":1767444516102,"status":"passed","title":"provides theme context"},{"ancestorTitles":["ThemeProvider"],"duration":19,"failing":false,"failureDetails":[],"failureMessages":[],"fullName":"ThemeProvider sets theme to light","invocations":1,"location":null,"numPassingAsserts":2,"retryReasons":[],"startAt":1767444516113,"status":"passed","title":"sets theme to light"},{"ancestorTitles":["ThemeProvider"],"duration":8,"failing":false,"failureDetails":[],"failureMessages":[],"fullName":"ThemeProvider sets theme to dark","invocations":1,"location":null,"numPassingAsserts":2,"retryReasons":[],"startAt":1767444516132,"status":"passed","title":"sets theme to dark"},{"ancestorTitles":["ThemeProvider"],"duration":6,"failing":false,"failureDetails":[],"failureMessages":[],"fullName":"ThemeProvider sets theme to system","invocations":1,"location":null,"numPassingAsserts":2,"retryReasons":[],"startAt":1767444516140,"status":"passed","title":"sets theme to system"},{"ancestorTitles":["ThemeProvider"],"duration":10,"failing":false,"failureDetails":[],"failureMessages":[],"fullName":"ThemeProvider toggles theme","invocations":1,"location":null,"numPassingAsserts":1,"retryReasons":[],"startAt":1767444516146,"status":"passed","title":"toggles theme"},{"ancestorTitles":["ThemeProvider"],"duration":104,"failing":false,"failureDetails":[],"failureMessages":[],"fullName":"ThemeProvider loads theme from localStorage","invocations":1,"location":null,"numPassingAsserts":1,"retryReasons":[],"startAt":1767444516156,"status":"passed","title":"loads theme from localStorage"},{"ancestorTitles":["ThemeProvider"],"duration":34,"failing":false,"failureDetails":[],"failureMessages":[],"fullName":"ThemeProvider throws error when useTheme is used outside provider","invocations":1,"location":null,"numPassingAsserts":1,"retryReasons":[],"startAt":1767444516260,"status":"passed","title":"throws error when useTheme is used outside provider"}],"endTime":1767444516295,"message":"","name":"/home/darc/LIMEN/frontend/components/__tests__/ThemeProvider.test.tsx","startTime":1767444515922,"status":"passed","summary":""},{"assertionResults":[{"ancestorTitles":["Input"],"duration":84,"failing":false,"failureDetails":[],"failureMessages":[],"fullName":"Input renders input element","invocations":1,"location":null,"numPassingAsserts":1,"retryReasons":[],"startAt":1767444516073,"status":"passed","title":"renders input element"},{"ancestorTitles":["Input"],"duration":5,"failing":false,"failureDetails":[],"failureMessages":[],"fullName":"Input renders input with label","invocations":1,"location":null,"numPassingAsserts":1,"retryReasons":[],"startAt":1767444516157,"status":"passed","title":"renders input with label"},{"ancestorTitles":["Input"],"duration":5,"failing":false,"failureDetails":[],"failureMessages":[],"fullName":"Input renders input with required indicator","invocations":1,"location":null,"numPassingAsserts":2,"retryReasons":[],"startAt":1767444516163,"status":"passed","title":"renders input with required indicator"},{"ancestorTitles":["Input"],"duration":9,"failing":false,"failureDetails":[],"failureMessages":[],"fullName":"Input displays error message","invocations":1,"location":null,"numPassingAsserts":2,"retryReasons":[],"startAt":1767444516168,"status":"passed","title":"displays error message"},{"ancestorTitles":["Input"],"duration":4,"failing":false,"failureDetails":[],"failureMessages":[],"fullName":"Input displays helper text","invocations":1,"location":null,"numPassingAsserts":1,"retryReasons":[],"startAt":1767444516177,"status":"passed","title":"displays helper text"},{"ancestorTitles":["Input"],"duration":9,"failing":false,"failureDetails":[],"failureMessages":[],"fullName":"Input applies error styles when error is present","invocations":1,"location":null,"numPassingAsserts":1,"retryReasons":[],"startAt":1767444516181,"status":"passed","title":"applies error styles when error is present"},{"ancestorTitles":["Input"],"duration":7,"failing":false,"failureDetails":[],"failureMessages":[],"fullName":"Input applies normal styles when no error","invocations":1,"location":null,"numPassingAsserts":1,"retryReasons":[],"startAt":1767444516190,"status":"passed","title":"applies normal styles when no error"},{"ancestorTitles":["Input"],"duration":59,"failing":false,"failureDetails":[],"failureMessages":[],"fullName":"Input handles user input","invocations":1,"location":null,"numPassingAsserts":1,"retryReasons":[],"startAt":1767444516197,"status":"passed","title":"handles user input"},{"ancestorTitles":["Input"],"duration":14,"failing":false,"failureDetails":[],"failureMessages":[],"fullName":"Input forwards props to input element","invocations":1,"location":null,"numPassingAsserts":2,"retryReasons":[],"startAt":1767444516256,"status":"passed","title":"forwards props to input element"},{"ancestorTitles":["Input"],"duration":8,"failing":false,"failureDetails":[],"failureMessages":[],"fullName":"Input applies custom className","invocations":1,"location":null,"numPassingAsserts":1,"retryReasons":[],"startAt":1767444516270,"status":"passed","title":"applies custom className"},{"ancestorTitles":["Input"],"duration":24,"failing":false,"failureDetails":[],"failureMessages":[],"fullName":"Input has aria-describedby when error or helperText is present","invocations":1,"location":null,"numPassingAsserts":4,"retryReasons":[],"startAt":1767444516278,"status":"passed","title":"has aria-describedby when error or helperText is present"},{"ancestorTitles":["Input"],"duration":9,"failing":false,"failureDetails":[],"failureMessages":[],"fullName":"Input has aria-required when required prop is true","invocations":1,"location":null,"numPassingAsserts":1,"retryReasons":[],"startAt":1767444516303,"status":"passed","title":"has aria-required when required prop is true"}],"endTime":1767444516314,"message":"","name":"/home/darc/LIMEN/frontend/components/__tests__/Input.test.tsx","startTime":1767444515603,"status":"passed","summary":""},{"assertionResults":[{"ancestorTitles":["Error Page"],"duration":43,"failing":false,"failureDetails":[],"failureMessages":[],"fullName":"Error Page renders error message","invocations":1,"location":null,"numPassingAsserts":1,"retryReasons":[],"startAt":1767444516351,"status":"passed","title":"renders error message"},{"ancestorTitles":["Error Page"],"duration":15,"failing":false,"failureDetails":[],"failureMessages":[],"fullName":"Error Page calls reset when retry button is clicked","invocations":1,"location":null,"numPassingAsserts":1,"retryReasons":[],"startAt":1767444516394,"status":"passed","title":"calls reset when retry button is clicked"},{"ancestorTitles":["Error Page"],"duration":10,"failing":false,"failureDetails":[],"failureMessages":[],"fullName":"Error Page renders login page button","invocations":1,"location":null,"numPassingAsserts":1,"retryReasons":[],"startAt":1767444516409,"status":"passed","title":"renders login page button"}],"endTime":1767444516420,"message":"","name":"/home/darc/LIMEN/frontend/app/__tests__/error.test.tsx","startTime":1767444516206,"status":"passed","summary":""},{"assertionResults":[{"ancestorTitles":["SnapshotManager"],"duration":30,"failing":false,"failureDetails":[],"failureMessages":[],"fullName":"SnapshotManager renders snapshot manager","invocations":1,"location":null,"numPassingAsserts":1,"retryReasons":[],"startAt":1767444516658,"status":"passed","title":"renders snapshot manager"},{"ancestorTitles":["SnapshotManager"],"duration":41,"failing":false,"failureDetails":[],"failureMessages":[],"fullName":"SnapshotManager fetches snapshots on mount","invocations":1,"location":null,"numPassingAsserts":1,"retryReasons":[],"startAt":1767444516688,"status":"passed","title":"fetches snapshots on mount"},{"ancestorTitles":["SnapshotManager"],"duration":30,"failing":false,"failureDetails":[],"failureMessages":[],"fullName":"SnapshotManager shows create form when create button is clicked","invocations":1,"location":null,"numPassingAsserts":2,"retryReasons":[],"startAt":1767444516729,"status":"passed","title":"shows create form when create button is clicked"},{"ancestorTitles":["SnapshotManager"],"duration":38,"failing":false,"failureDetails":[],"failureMessages":[],"fullName":"SnapshotManager restores snapshot","invocations":1,"location":null,"numPassingAsserts":3,"retryReasons":[],"startAt":1767444516759,"status":"passed","title":"restores snapshot"},{"ancestorTitles":["SnapshotManager"],"duration":26,"failing":false,"failureDetails":[],"failureMessages":[],"fullName":"SnapshotManager deletes snapshot","invocations":1,"location":null,"numPassingAsserts":3,"retryReasons":[],"startAt":1767444516797,"status":"passed","title":"deletes snapshot"},{"ancestorTitles":["SnapshotManager"],"duration":47,"failing":false,"failureDetails":[],"failureMessages":[],"fullName":"SnapshotManager handles create snapshot error","invocations":1,"location":null,"numPassingAsserts":3,"retryReasons":[],"startAt":1767444516823,"status":"passed","title":"handles create snapshot error"}],"endTime":1767444516871,"message":"","name":"/home/darc/LIMEN/frontend/components/__tests__/SnapshotManager.test.tsx","startTime":1767444516436,"status":"passed","summary":""},{"assertionResults":[{"ancestorTitles":["VNCViewer Additional Scenarios"],"duration":85,"failing":false,"failureDetails":[],"failureMessages":[],"fullName":"VNCViewer Additional Scenarios handles restart action","invocations":1,"location":null,"numPassingAsserts":1,"retryReasons":[],"startAt":1767444516755,"status":"passed","title":"handles restart action"},{"ancestorTitles":["VNCViewer Additional Scenarios"],"duration":22,"failing":false,"failureDetails":[],"failureMessages":[],"fullName":"VNCViewer Additional Scenarios handles fullscreen toggle","invocations":1,"location":null,"numPassingAsserts":1,"retryReasons":[],"startAt":1767444516840,"status":"passed","title":"handles fullscreen toggle"},{"ancestorTitles":["VNCViewer Additional Scenarios"],"duration":12,"failing":false,"failureDetails":[],"failureMessages":[],"fullName":"VNCViewer Additional Scenarios handles connection errors","invocations":1,"location":null,"numPassingAsserts":1,"retryReasons":[],"startAt":1767444516863,"status":"passed","title":"handles connection errors"},{"ancestorTitles":["VNCViewer Additional Scenarios"],"duration":14,"failing":false,"failureDetails":[],"failureMessages":[],"fullName":"VNCViewer Additional Scenarios handles media operations","invocations":1,"location":null,"numPassingAsserts":1,"retryReasons":[],"startAt":1767444516876,"status":"passed","title":"handles media operations"}],"endTime":1767444516892,"message":"","name":"/home/darc/LIMEN/frontend/components/__tests__/VNCViewer.additional.test.tsx","startTime":1767444516308,"status":"passed","summary":""},{"assertionResults":[{"ancestorTitles":["LoginForm"],"duration":72,"failing":false,"failureDetails":[],"failureMessages":[],"fullName":"LoginForm renders login form","invocations":1,"location":null,"numPassingAsserts":3,"retryReasons":[],"startAt":1767444516774,"status":"passed","title":"renders login form"},{"ancestorTitles":["LoginForm"],"duration":12,"failing":false,"failureDetails":[],"failureMessages":[],"fullName":"LoginForm displays error from URL parameter","invocations":1,"location":null,"numPassingAsserts":1,"retryReasons":[],"startAt":1767444516847,"status":"passed","title":"displays error from URL parameter"},{"ancestorTitles":["LoginForm"],"duration":52,"failing":false,"failureDetails":[],"failureMessages":[],"fullName":"LoginForm handles form submission","invocations":1,"location":null,"numPassingAsserts":1,"retryReasons":[],"startAt":1767444516859,"status":"passed","title":"handles form submission"},{"ancestorTitles":["LoginForm"],"duration":37,"failing":false,"failureDetails":[],"failureMessages":[],"fullName":"LoginForm displays error when login fails","invocations":1,"location":null,"numPassingAsserts":1,"retryReasons":[],"startAt":1767444516911,"status":"passed","title":"displays error when login fails"},{"ancestorTitles":["LoginForm"],"duration":34,"failing":false,"failureDetails":[],"failureMessages":[],"fullName":"LoginForm validates empty username","invocations":1,"location":null,"numPassingAsserts":1,"retryReasons":[],"startAt":1767444516948,"status":"passed","title":"validates empty username"},{"ancestorTitles":["LoginForm"],"duration":31,"failing":false,"failureDetails":[],"failureMessages":[],"fullName":"LoginForm validates empty password","invocations":1,"location":null,"numPassingAsserts":1,"retryReasons":[],"startAt":1767444516982,"status":"passed","title":"validates empty password"}],"endTime":1767444517014,"message":"","name":"/home/darc/LIMEN/frontend/components/__tests__/LoginForm.test.tsx","startTime":1767444516333,"status":"passed","summary":""},{"assertionResults":[{"ancestorTitles":["VMListSection"],"duration":21,"failing":false,"failureDetails":[],"failureMessages":[],"fullName":"VMListSection renders loading state","invocations":1,"location":null,"numPassingAsserts":1,"retryReasons":[],"startAt":1767444517017,"status":"passed","title":"renders loading state"},{"ancestorTitles":["VMListSection"],"duration":4,"failing":false,"failureDetails":[],"failureMessages":[],"fullName":"VMListSection renders empty state when no VMs","invocations":1,"location":null,"numPassingAsserts":1,"retryReasons":[],"startAt":1767444517039,"status":"passed","title":"renders empty state when no VMs"},{"ancestorTitles":["VMListSection"],"duration":32,"failing":false,"failureDetails":[],"failureMessages":[],"fullName":"VMListSection renders VM list","invocations":1,"location":null,"numPassingAsserts":1,"retryReasons":[],"startAt":1767444517043,"status":"passed","title":"renders VM list"}],"endTime":1767444517076,"message":"","name":"/home/darc/LIMEN/frontend/components/__tests__/VMListSection.test.tsx","startTime":1767444516885,"status":"passed","summary":""},{"assertionResults":[{"ancestorTitles":["StatusCard"],"duration":6,"failing":false,"failureDetails":[],"failureMessages":[],"fullName":"StatusCard renders status card with title","invocations":1,"location":null,"numPassingAsserts":1,"retryReasons":[],"startAt":1767444517107,"status":"passed","title":"renders status card with title"},{"ancestorTitles":["StatusCard"],"duration":4,"failing":false,"failureDetails":[],"failureMessages":[],"fullName":"StatusCard renders with ok status","invocations":1,"location":null,"numPassingAsserts":1,"retryReasons":[],"startAt":1767444517114,"status":"passed","title":"renders with ok status"},{"ancestorTitles":["StatusCard"],"duration":3,"failing":false,"failureDetails":[],"failureMessages":[],"fullName":"StatusCard renders with error status","invocations":1,"location":null,"numPassingAsserts":1,"retryReasons":[],"startAt":1767444517118,"status":"passed","title":"renders with error status"},{"ancestorTitles":["StatusCard"],"duration":3,"failing":false,"failureDetails":[],"failureMessages":[],"fullName":"StatusCard renders subStatus when provided","invocations":1,"location":null,"numPassingAsserts":2,"retryReasons":[],"startAt":1767444517121,"status":"passed","title":"renders subStatus when provided"},{"ancestorTitles":["StatusCard"],"duration":10,"failing":false,"failureDetails":[],"failureMessages":[],"fullName":"StatusCard renders children content","invocations":1,"location":null,"numPassingAsserts":2,"retryReasons":[],"startAt":1767444517124,"status":"passed","title":"renders children content"},{"ancestorTitles":["StatusCard"],"duration":2,"failing":false,"failureDetails":[],"failureMessages":[],"fullName":"StatusCard does not render subStatus when not provided","invocations":1,"location":null,"numPassingAsserts":1,"retryReasons":[],"startAt":1767444517134,"status":"passed","title":"does not render subStatus when not provided"},{"ancestorTitles":["StatusRow"],"duration":2,"failing":false,"failureDetails":[],"failureMessages":[],"fullName":"StatusRow renders status row with label and value","invocations":1,"location":null,"numPassingAsserts":2,"retryReasons":[],"startAt":1767444517137,"status":"passed","title":"renders status row with label and value"},{"ancestorTitles":["StatusRow"],"duration":2,"failing":false,"failureDetails":[],"failureMessages":[],"fullName":"StatusRow applies connected status styling","invocations":1,"location":null,"numPassingAsserts":1,"retryReasons":[],"startAt":1767444517140,"status":"passed","title":"applies connected status styling"},{"ancestorTitles":["StatusRow"],"duration":3,"failing":false,"failureDetails":[],"failureMessages":[],"fullName":"StatusRow applies offline status styling","invocations":1,"location":null,"numPassingAsserts":1,"retryReasons":[],"startAt":1767444517142,"status":"passed","title":"applies offline status styling"},{"ancestorTitles":["StatusRow"],"duration":4,"failing":false,"failureDetails":[],"failureMessages":[],"fullName":"StatusRow applies loading status styling","invocations":1,"location":null,"numPassingAsserts":1,"retryReasons":[],"startAt":1767444517145,"status":"passed","title":"applies loading status styling"},{"ancestorTitles":["StatusRow"],"duration":5,"failing":false,"failureDetails":[],"failureMessages":[],"fullName":"StatusRow renders without value","invocations":1,"location":null,"numPassingAsserts":1,"retryReasons":[],"startAt":1767444517149,"status":"passed","title":"renders without value"},{"ancestorTitles":["StatusRow"],"duration":3,"failing":false,"failureDetails":[],"failureMessages":[],"fullName":"StatusRow handles unknown status","invocations":1,"location":null,"numPassingAsserts":1,"retryReasons":[],"startAt":1767444517154,"status":"passed","title":"handles unknown status"},{"ancestorTitles":["ProgressBar"],"duration":4,"failing":false,"failureDetails":[],"failureMessages":[],"fullName":"ProgressBar renders progress bar with label and value","invocations":1,"location":null,"numPassingAsserts":2,"retryReasons":[],"startAt":1767444517157,"status":"passed","title":"renders progress bar with label and value"},{"ancestorTitles":["ProgressBar"],"duration":4,"failing":false,"failureDetails":[],"failureMessages":[],"fullName":"ProgressBar displays correct percentage","invocations":1,"location":null,"numPassingAsserts":1,"retryReasons":[],"startAt":1767444517161,"status":"passed","title":"displays correct percentage"},{"ancestorTitles":["ProgressBar"],"duration":3,"failing":false,"failureDetails":[],"failureMessages":[],"fullName":"ProgressBar caps value at 100%","invocations":1,"location":null,"numPassingAsserts":1,"retryReasons":[],"startAt":1767444517165,"status":"passed","title":"caps value at 100%"},{"ancestorTitles":["ProgressBar"],"duration":3,"failing":false,"failureDetails":[],"failureMessages":[],"fullName":"ProgressBar handles zero value","invocations":1,"location":null,"numPassingAsserts":1,"retryReasons":[],"startAt":1767444517169,"status":"passed","title":"handles zero value"},{"ancestorTitles":["ProgressBar"],"duration":4,"failing":false,"failureDetails":[],"failureMessages":[],"fullName":"ProgressBar applies custom color","invocations":1,"location":null,"numPassingAsserts":1,"retryReasons":[],"startAt":1767444517172,"status":"passed","title":"applies custom color"},{"ancestorTitles":["ProgressBar"],"duration":9,"failing":false,"failureDetails":[],"failureMessages":[],"fullName":"ProgressBar has proper ARIA attributes","invocations":1,"location":null,"numPassingAsserts":4,"retryReasons":[],"startAt":1767444517177,"status":"passed","title":"has proper ARIA attributes"},{"ancestorTitles":["ProgressBar"],"duration":4,"failing":false,"failureDetails":[],"failureMessages":[],"fullName":"ProgressBar has aria-label for percentage display","invocations":1,"location":null,"numPassingAsserts":1,"retryReasons":[],"startAt":1767444517186,"status":"passed","title":"has aria-label for percentage display"}],"endTime":1767444517191,"message":"","name":"/home/darc/LIMEN/frontend/components/__tests__/StatusCard.test.tsx","startTime":1767444516983,"status":"passed","summary":""},{"assertionResults":[{"ancestorTitles":["Snapshot Management Integration"],"duration":12,"failing":false,"failureDetails":[],"failureMessages":[],"fullName":"Snapshot Management Integration renders snapshot manager in query provider","invocations":1,"location":null,"numPassingAsserts":1,"retryReasons":[],"startAt":1767444517226,"status":"passed","title":"renders snapshot manager in query provider"},{"ancestorTitles":["Snapshot Management Integration"],"duration":53,"failing":false,"failureDetails":[],"failureMessages":[],"fullName":"Snapshot Management Integration fetches snapshots on mount","invocations":1,"location":null,"numPassingAsserts":2,"retryReasons":[],"startAt":1767444517238,"status":"passed","title":"fetches snapshots on mount"},{"ancestorTitles":["Snapshot Management Integration"],"duration":11,"failing":false,"failureDetails":[],"failureMessages":[],"fullName":"Snapshot Management Integration handles snapshot creation flow","invocations":1,"location":null,"numPassingAsserts":2,"retryReasons":[],"startAt":1767444517291,"status":"passed","title":"handles snapshot creation flow"}],"endTime":1767444517303,"message":"","name":"/home/darc/LIMEN/frontend/__tests__/integration/snapshot-management.test.tsx","startTime":1767444517063,"status":"passed","summary":""},{"assertionResults":[{"ancestorTitles":["AgentMetricsCard"],"duration":10,"failing":false,"failureDetails":[],"failureMessages":[],"fullName":"AgentMetricsCard renders loading state","invocations":1,"location":null,"numPassingAsserts":1,"retryReasons":[],"startAt":1767444517290,"status":"passed","title":"renders loading state"},{"ancestorTitles":["AgentMetricsCard"],"duration":8,"failing":false,"failureDetails":[],"failureMessages":[],"fullName":"AgentMetricsCard renders error state","invocations":1,"location":null,"numPassingAsserts":1,"retryReasons":[],"startAt":1767444517300,"status":"passed","title":"renders error state"},{"ancestorTitles":["AgentMetricsCard"],"duration":12,"failing":false,"failureDetails":[],"failureMessages":[],"fullName":"AgentMetricsCard renders metrics data correctly","invocations":1,"location":null,"numPassingAsserts":6,"retryReasons":[],"startAt":1767444517308,"status":"passed","title":"renders metrics data correctly"},{"ancestorTitles":["AgentMetricsCard"],"duration":7,"failing":false,"failureDetails":[],"failureMessages":[],"fullName":"AgentMetricsCard calculates memory percentage correctly","invocations":1,"location":null,"numPassingAsserts":1,"retryReasons":[],"startAt":1767444517320,"status":"passed","title":"calculates memory percentage correctly"},{"ancestorTitles":["AgentMetricsCard"],"duration":7,"failing":false,"failureDetails":[],"failureMessages":[],"fullName":"AgentMetricsCard handles missing metrics data gracefully","invocations":1,"location":null,"numPassingAsserts":1,"retryReasons":[],"startAt":1767444517327,"status":"passed","title":"handles missing metrics data gracefully"},{"ancestorTitles":["AgentMetricsCard"],"duration":11,"failing":false,"failureDetails":[],"failureMessages":[],"fullName":"AgentMetricsCard displays CPU cores correctly","invocations":1,"location":null,"numPassingAsserts":2,"retryReasons":[],"startAt":1767444517334,"status":"passed","title":"displays CPU cores correctly"}],"endTime":1767444517346,"message":"","name":"/home/darc/LIMEN/frontend/components/__tests__/AgentMetricsCard.test.tsx","startTime":1767444517099,"status":"passed","summary":""},{"assertionResults":[{"ancestorTitles":["VNCViewer"],"duration":96,"failing":false,"failureDetails":[],"failureMessages":[],"fullName":"VNCViewer renders VNC viewer","invocations":1,"location":null,"numPassingAsserts":1,"retryReasons":[],"startAt":1767444517329,"status":"passed","title":"renders VNC viewer"},{"ancestorTitles":["VNCViewer"],"duration":13,"failing":false,"failureDetails":[],"failureMessages":[],"fullName":"VNCViewer displays status message","invocations":1,"location":null,"numPassingAsserts":1,"retryReasons":[],"startAt":1767444517426,"status":"passed","title":"displays status message"}],"endTime":1767444517441,"message":"","name":"/home/darc/LIMEN/frontend/components/__tests__/VNCViewer.test.tsx","startTime":1767444517206,"status":"passed","summary":""},{"assertionResults":[{"ancestorTitles":["Skeleton"],"duration":12,"failing":false,"failureDetails":[],"failureMessages":[],"fullName":"Skeleton renders skeleton element","invocations":1,"location":null,"numPassingAsserts":1,"retryReasons":[],"startAt":1767444517545,"status":"passed","title":"renders skeleton element"},{"ancestorTitles":["Skeleton"],"duration":2,"failing":false,"failureDetails":[],"failureMessages":[],"fullName":"Skeleton renders with text variant","invocations":1,"location":null,"numPassingAsserts":1,"retryReasons":[],"startAt":1767444517558,"status":"passed","title":"renders with text variant"},{"ancestorTitles":["Skeleton"],"duration":2,"failing":false,"failureDetails":[],"failureMessages":[],"fullName":"Skeleton renders with circular variant","invocations":1,"location":null,"numPassingAsserts":1,"retryReasons":[],"startAt":1767444517561,"status":"passed","title":"renders with circular variant"},{"ancestorTitles":["Skeleton"],"duration":3,"failing":false,"failureDetails":[],"failureMessages":[],"fullName":"Skeleton renders with rectangular variant (default)","invocations":1,"location":null,"numPassingAsserts":1,"retryReasons":[],"startAt":1767444517563,"status":"passed","title":"renders with rectangular variant (default)"},{"ancestorTitles":["Skeleton"],"duration":2,"failing":false,"failureDetails":[],"failureMessages":[],"fullName":"Skeleton renders with card variant","invocations":1,"location":null,"numPassingAsserts":1,"retryReasons":[],"startAt":1767444517567,"status":"passed","title":"renders with card variant"},{"ancestorTitles":["Skeleton"],"duration":3,"failing":false,"failureDetails":[],"failureMessages":[],"fullName":"Skeleton renders multiple lines for text variant","invocations":1,"location":null,"numPassingAsserts":1,"retryReasons":[],"startAt":1767444517570,"status":"passed","title":"renders multiple lines for text variant"},{"ancestorTitles":["Skeleton"],"duration":7,"failing":false,"failureDetails":[],"failureMessages":[],"fullName":"Skeleton applies custom width and height","invocations":1,"location":null,"numPassingAsserts":1,"retryReasons":[],"startAt":1767444517573,"status":"passed","title":"applies custom width and height"},{"ancestorTitles":["Skeleton"],"duration":2,"failing":false,"failureDetails":[],"failureMessages":[],"fullName":"Skeleton applies custom className","invocations":1,"location":null,"numPassingAsserts":1,"retryReasons":[],"startAt":1767444517580,"status":"passed","title":"applies custom className"},{"ancestorTitles":["Skeleton"],"duration":2,"failing":false,"failureDetails":[],"failureMessages":[],"fullName":"Skeleton has aria-hidden attribute","invocations":1,"location":null,"numPassingAsserts":1,"retryReasons":[],"startAt":1767444517583,"status":"passed","title":"has aria-hidden attribute"},{"ancestorTitles":["VMCardSkeleton"],"duration":12,"failing":false,"failureDetails":[],"failureMessages":[],"fullName":"VMCardSkeleton renders VM card skeleton","invocations":1,"location":null,"numPassingAsserts":1,"retryReasons":[],"startAt":1767444517585,"status":"passed","title":"renders VM card skeleton"},{"ancestorTitles":["CardGridSkeleton"],"duration":8,"failing":false,"failureDetails":[],"failureMessages":[],"fullName":"CardGridSkeleton renders card grid skeleton with default count","invocations":1,"location":null,"numPassingAsserts":1,"retryReasons":[],"startAt":1767444517598,"status":"passed","title":"renders card grid skeleton with default count"},{"ancestorTitles":["CardGridSkeleton"],"duration":11,"failing":false,"failureDetails":[],"failureMessages":[],"fullName":"CardGridSkeleton renders card grid skeleton with custom count","invocations":1,"location":null,"numPassingAsserts":1,"retryReasons":[],"startAt":1767444517607,"status":"passed","title":"renders card grid skeleton with custom count"}],"endTime":1767444517620,"message":"","name":"/home/darc/LIMEN/frontend/components/__tests__/Skeleton.test.tsx","startTime":1767444517335,"status":"passed","summary":""},{"assertionResults":[{"ancestorTitles":["ToastContainer"],"duration":11,"failing":false,"failureDetails":[],"failureMessages":[],"fullName":"ToastContainer provides toast context","invocations":1,"location":null,"numPassingAsserts":2,"retryReasons":[],"startAt":1767444517640,"status":"passed","title":"provides toast context"},{"ancestorTitles":["ToastContainer"],"duration":14,"failing":false,"failureDetails":[],"failureMessages":[],"fullName":"ToastContainer shows success toast","invocations":1,"location":null,"numPassingAsserts":1,"retryReasons":[],"startAt":1767444517652,"status":"passed","title":"shows success toast"},{"ancestorTitles":["ToastContainer"],"duration":9,"failing":false,"failureDetails":[],"failureMessages":[],"fullName":"ToastContainer shows error toast","invocations":1,"location":null,"numPassingAsserts":1,"retryReasons":[],"startAt":1767444517666,"status":"passed","title":"shows error toast"},{"ancestorTitles":["ToastContainer"],"duration":11,"failing":false,"failureDetails":[],"failureMessages":[],"fullName":"ToastContainer shows info toast","invocations":1,"location":null,"numPassingAsserts":1,"retryReasons":[],"startAt":1767444517676,"status":"passed","title":"shows info toast"},{"ancestorTitles":["ToastContainer"],"duration":8,"failing":false,"failureDetails":[],"failureMessages":[],"fullName":"ToastContainer shows warning toast","invocations":1,"location":null,"numPassingAsserts":1,"retryReasons":[],"startAt":1767444517687,"status":"passed","title":"shows warning toast"},{"ancestorTitles":["ToastContainer"],"duration":8,"failing":false,"failureDetails":[],"failureMessages":[],"fullName":"ToastContainer shows custom toast","invocations":1,"location":null,"numPassingAsserts":1,"retryReasons":[],"startAt":1767444517696,"status":"passed","title":"shows custom toast"},{"ancestorTitles":["ToastContainer"],"duration":22,"failing":false,"failureDetails":[],"failureMessages":[],"fullName":"ToastContainer throws error when useToast is used outside provider","invocations":1,"location":null,"numPassingAsserts":1,"retryReasons":[],"startAt":1767444517704,"status":"passed","title":"throws error when useToast is used outside provider"}],"endTime":1767444517727,"message":"","name":"/home/darc/LIMEN/frontend/components/__tests__/ToastContainer.test.tsx","startTime":1767444517517,"status":"passed","summary":""},{"assertionResults":[{"ancestorTitles":["QuotaDisplay"],"duration":7,"failing":false,"failureDetails":[],"failureMessages":[],"fullName":"QuotaDisplay renders loading state","invocations":1,"location":null,"numPassingAsserts":1,"retryReasons":[],"startAt":1767444517612,"status":"passed","title":"renders loading state"},{"ancestorTitles":["QuotaDisplay"],"duration":9,"failing":false,"failureDetails":[],"failureMessages":[],"fullName":"QuotaDisplay renders error state","invocations":1,"location":null,"numPassingAsserts":2,"retryReasons":[],"startAt":1767444517620,"status":"passed","title":"renders error state"},{"ancestorTitles":["QuotaDisplay"],"duration":8,"failing":false,"failureDetails":[],"failureMessages":[],"fullName":"QuotaDisplay renders quota data correctly","invocations":1,"location":null,"numPassingAsserts":2,"retryReasons":[],"startAt":1767444517630,"status":"passed","title":"renders quota data correctly"},{"ancestorTitles":["QuotaDisplay"],"duration":20,"failing":false,"failureDetails":[],"failureMessages":[],"fullName":"QuotaDisplay displays warning status when usage is above 70%","invocations":1,"location":null,"numPassingAsserts":1,"retryReasons":[],"startAt":1767444517638,"status":"passed","title":"displays warning status when usage is above 70%"},{"ancestorTitles":["QuotaDisplay"],"duration":11,"failing":false,"failureDetails":[],"failureMessages":[],"fullName":"QuotaDisplay displays critical status when usage is above 90%","invocations":1,"location":null,"numPassingAsserts":1,"retryReasons":[],"startAt":1767444517658,"status":"passed","title":"displays critical status when usage is above 90%"},{"ancestorTitles":["QuotaDisplay"],"duration":9,"failing":false,"failureDetails":[],"failureMessages":[],"fullName":"QuotaDisplay handles missing quota data gracefully","invocations":1,"location":null,"numPassingAsserts":2,"retryReasons":[],"startAt":1767444517673,"status":"passed","title":"handles missing quota data gracefully"}],"endTime":1767444517686,"message":"","name":"/home/darc/LIMEN/frontend/components/__tests__/QuotaDisplay.test.tsx","startTime":1767444517436,"status":"passed","summary":""},{"assertionResults":[{"ancestorTitles":["Button"],"duration":16,"failing":false,"failureDetails":[],"failureMessages":[],"fullName":"Button renders button with children","invocations":1,"location":null,"numPassingAsserts":1,"retryReasons":[],"startAt":1767444517805,"status":"passed","title":"renders button with children"},{"ancestorTitles":["Button"],"duration":7,"failing":false,"failureDetails":[],"failureMessages":[],"fullName":"Button calls onClick handler when clicked","invocations":1,"location":null,"numPassingAsserts":1,"retryReasons":[],"startAt":1767444517821,"status":"passed","title":"calls onClick handler when clicked"},{"ancestorTitles":["Button"],"duration":9,"failing":false,"failureDetails":[],"failureMessages":[],"fullName":"Button applies variant styles correctly","invocations":1,"location":null,"numPassingAsserts":2,"retryReasons":[],"startAt":1767444517828,"status":"passed","title":"applies variant styles correctly"},{"ancestorTitles":["Button"],"duration":9,"failing":false,"failureDetails":[],"failureMessages":[],"fullName":"Button applies size styles correctly","invocations":1,"location":null,"numPassingAsserts":2,"retryReasons":[],"startAt":1767444517838,"status":"passed","title":"applies size styles correctly"},{"ancestorTitles":["Button"],"duration":6,"failing":false,"failureDetails":[],"failureMessages":[],"fullName":"Button is disabled when disabled prop is true","invocations":1,"location":null,"numPassingAsserts":2,"retryReasons":[],"startAt":1767444517847,"status":"passed","title":"is disabled when disabled prop is true"},{"ancestorTitles":["Button"],"duration":5,"failing":false,"failureDetails":[],"failureMessages":[],"fullName":"Button applies custom className","invocations":1,"location":null,"numPassingAsserts":1,"retryReasons":[],"startAt":1767444517853,"status":"passed","title":"applies custom className"},{"ancestorTitles":["Button"],"duration":14,"failing":false,"failureDetails":[],"failureMessages":[],"fullName":"Button forwards other props to button element","invocations":1,"location":null,"numPassingAsserts":1,"retryReasons":[],"startAt":1767444517858,"status":"passed","title":"forwards other props to button element"}],"endTime":1767444517873,"message":"","name":"/home/darc/LIMEN/frontend/components/__tests__/Button.test.tsx","startTime":1767444517633,"status":"passed","summary":""},{"assertionResults":[{"ancestorTitles":["Dashboard Page"],"duration":62,"failing":false,"failureDetails":[],"failureMessages":[],"fullName":"Dashboard Page renders dashboard when authenticated","invocations":1,"location":null,"numPassingAsserts":1,"retryReasons":[],"startAt":1767444517915,"status":"passed","title":"renders dashboard when authenticated"},{"ancestorTitles":["Dashboard Page"],"duration":3,"failing":false,"failureDetails":[],"failureMessages":[],"fullName":"Dashboard Page shows authenticating message when not authenticated","invocations":1,"location":null,"numPassingAsserts":1,"retryReasons":[],"startAt":1767444517978,"status":"passed","title":"shows authenticating message when not authenticated"}],"endTime":1767444517982,"message":"","name":"/home/darc/LIMEN/frontend/app/(protected)/dashboard/__tests__/page.test.tsx","startTime":1767444517759,"status":"passed","summary":""},{"assertionResults":[{"ancestorTitles":["ThemeToggle"],"duration":11,"failing":false,"failureDetails":[],"failureMessages":[],"fullName":"ThemeToggle renders theme toggle button","invocations":1,"location":null,"numPassingAsserts":1,"retryReasons":[],"startAt":1767444517969,"status":"passed","title":"renders theme toggle button"},{"ancestorTitles":["ThemeToggle"],"duration":11,"failing":false,"failureDetails":[],"failureMessages":[],"fullName":"ThemeToggle toggles theme on click","invocations":1,"location":null,"numPassingAsserts":2,"retryReasons":[],"startAt":1767444517980,"status":"passed","title":"toggles theme on click"},{"ancestorTitles":["ThemeToggle"],"duration":25,"failing":false,"failureDetails":[],"failureMessages":[],"fullName":"ThemeToggle opens menu on right click","invocations":1,"location":null,"numPassingAsserts":3,"retryReasons":[],"startAt":1767444517991,"status":"passed","title":"opens menu on right click"},{"ancestorTitles":["ThemeToggle"],"duration":14,"failing":false,"failureDetails":[],"failureMessages":[],"fullName":"ThemeToggle closes menu when clicking outside","invocations":1,"location":null,"numPassingAsserts":2,"retryReasons":[],"startAt":1767444518017,"status":"passed","title":"closes menu when clicking outside"},{"ancestorTitles":["ThemeToggle"],"duration":13,"failing":false,"failureDetails":[],"failureMessages":[],"fullName":"ThemeToggle selects theme from menu","invocations":1,"location":null,"numPassingAsserts":2,"retryReasons":[],"startAt":1767444518031,"status":"passed","title":"selects theme from menu"}],"endTime":1767444518045,"message":"","name":"/home/darc/LIMEN/frontend/components/__tests__/ThemeToggle.test.tsx","startTime":1767444517778,"status":"passed","summary":""},{"assertionResults":[{"ancestorTitles":["PWARegister"],"duration":4,"failing":false,"failureDetails":[],"failureMessages":[],"fullName":"PWARegister renders component","invocations":1,"location":null,"numPassingAsserts":1,"retryReasons":[],"startAt":1767444518032,"status":"passed","title":"renders component"},{"ancestorTitles":["PWARegister"],"duration":13,"failing":false,"failureDetails":[],"failureMessages":[],"fullName":"PWARegister shows install button when beforeinstallprompt event fires","invocations":1,"location":null,"numPassingAsserts":1,"retryReasons":[],"startAt":1767444518037,"status":"passed","title":"shows install button when beforeinstallprompt event fires"},{"ancestorTitles":["PWARegister"],"duration":9,"failing":false,"failureDetails":[],"failureMessages":[],"fullName":"PWARegister handles install button click","invocations":1,"location":null,"numPassingAsserts":2,"retryReasons":[],"startAt":1767444518050,"status":"passed","title":"handles install button click"},{"ancestorTitles":["PWARegister"],"duration":2,"failing":false,"failureDetails":[],"failureMessages":[],"fullName":"PWARegister does not show install button when already installed","invocations":1,"location":null,"numPassingAsserts":1,"retryReasons":[],"startAt":1767444518059,"status":"passed","title":"does not show install button when already installed"}],"endTime":1767444518062,"message":"","name":"/home/darc/LIMEN
[...]
":4},"end":{"line":138,"column":null}},"78":{"start":{"line":140,"column":4},"end":{"line":142,"column":null}},"79":{"start":{"line":141,"column":6},"end":{"line":141,"column":null}},"80":{"start":{"line":144,"column":4},"end":{"line":147,"column":null}},"81":{"start":{"line":145,"column":6},"end":{"line":145,"column":null}},"82":{"start":{"line":146,"column":6},"end":{"line":146,"column":null}},"83":{"start":{"line":151,"column":26},"end":{"line":171,"column":null}},"84":{"start":{"line":152,"column":4},"end":{"line":152,"column":null}},"85":{"start":{"line":152,"column":52},"end":{"line":152,"column":null}},"86":{"start":{"line":154,"column":16},"end":{"line":154,"column":null}},"87":{"start":{"line":155,"column":22},"end":{"line":155,"column":null}},"88":{"start":{"line":156,"column":19},"end":{"line":156,"column":null}},"89":{"start":{"line":158,"column":4},"end":{"line":162,"column":null}},"90":{"start":{"line":159,"column":26},"end":{"line":159,"column":53}},"91":{"start":{"line":160,"column":6},"end":{"line":160,"column":null}},"92":{"start":{"line":161,"column":6},"end":{"line":161,"column":null}},"93":{"start":{"line":164,"column":24},"end":{"line":164,"column":null}},"94":{"start":{"line":165,"column":22},"end":{"line":165,"column":null}},"95":{"start":{"line":166,"column":4},"end":{"line":166,"column":null}},"96":{"start":{"line":168,"column":4},"end":{"line":168,"column":null}},"97":{"start":{"line":169,"column":4},"end":{"line":169,"column":null}},"98":{"start":{"line":170,"column":4},"end":{"line":170,"column":null}},"99":{"start":{"line":174,"column":24},"end":{"line":198,"column":null}},"100":{"start":{"line":175,"column":4},"end":{"line":175,"column":null}},"101":{"start":{"line":175,"column":21},"end":{"line":175,"column":null}},"102":{"start":{"line":176,"column":4},"end":{"line":176,"column":null}},"103":{"start":{"line":179,"column":4},"end":{"line":197,"column":null}},"104":{"start":{"line":180,"column":6},"end":{"line":180,"column":null}},"105":{"start":{"line":183,"column":6},"end":{"line":196,"column":null}},"106":{"start":{"line":184,"column":26},"end":{"line":184,"column":62}},"107":{"start":{"line":185,"column":22},"end":{"line":185,"column":null}},"108":{"start":{"line":186,"column":29},"end":{"line":186,"column":null}},"109":{"start":{"line":187,"column":29},"end":{"line":187,"column":null}},"110":{"start":{"line":189,"column":8},"end":{"line":192,"column":null}},"111":{"start":{"line":194,"column":8},"end":{"line":194,"column":null}},"112":{"start":{"line":195,"column":8},"end":{"line":195,"column":null}},"113":{"start":{"line":201,"column":27},"end":{"line":218,"column":null}},"114":{"start":{"line":202,"column":4},"end":{"line":202,"column":null}},"115":{"start":{"line":203,"column":18},"end":{"line":203,"column":30}},"116":{"start":{"line":204,"column":4},"end":{"line":204,"column":null}},"117":{"start":{"line":205,"column":4},"end":{"line":205,"column":null}},"118":{"start":{"line":206,"column":4},"end":{"line":206,"column":null}},"119":{"start":{"line":207,"column":4},"end":{"line":207,"column":null}},"120":{"start":{"line":208,"column":4},"end":{"line":208,"column":null}},"121":{"start":{"line":210,"column":4},"end":{"line":212,"column":null}},"122":{"start":{"line":211,"column":6},"end":{"line":211,"column":null}},"123":{"start":{"line":214,"column":4},"end":{"line":217,"column":null}},"124":{"start":{"line":215,"column":6},"end":{"line":215,"column":null}},"125":{"start":{"line":216,"column":6},"end":{"line":216,"column":null}},"126":{"start":{"line":220,"column":26},"end":{"line":242,"column":null}},"127":{"start":{"line":221,"column":4},"end":{"line":221,"column":null}},"128":{"start":{"line":221,"column":52},"end":{"line":221,"column":null}},"129":{"start":{"line":222,"column":4},"end":{"line":222,"column":null}},"130":{"start":{"line":224,"column":18},"end":{"line":224,"column":30}},"131":{"start":{"line":225,"column":16},"end":{"line":225,"column":null}},"132":{"start":{"line":226,"column":22},"end":{"line":226,"column":null}},"133":{"start":{"line":227,"column":19},"end":{"line":227,"column":null}},"134":{"start":{"line":229,"column":4},"end":{"line":233,"column":null}},"135":{"start":{"line":230,"column":26},"end":{"line":230,"column":null}},"136":{"start":{"line":231,"column":6},"end":{"line":231,"column":null}},"137":{"start":{"line":232,"column":6},"end":{"line":232,"column":null}},"138":{"start":{"line":235,"column":24},"end":{"line":235,"column":null}},"139":{"start":{"line":236,"column":22},"end":{"line":236,"column":null}},"140":{"start":{"line":237,"column":4},"end":{"line":237,"column":null}},"141":{"start":{"line":239,"column":4},"end":{"line":239,"column":null}},"142":{"start":{"line":240,"column":4},"end":{"line":240,"column":null}},"143":{"start":{"line":241,"column":4},"end":{"line":241,"column":null}},"144":{"start":{"line":244,"column":25},"end":{"line":246,"column":null}},"145":{"start":{"line":245,"column":4},"end":{"line":245,"column":null}},"146":{"start":{"line":248,"column":2},"end":{"line":262,"column":null}},"147":{"start":{"line":249,"column":4},"end":{"line":261,"column":null}},"148":{"start":{"line":250,"column":6},"end":{"line":250,"column":null}},"149":{"start":{"line":251,"column":6},"end":{"line":251,"column":null}},"150":{"start":{"line":252,"column":6},"end":{"line":252,"column":null}},"151":{"start":{"line":253,"column":6},"end":{"line":253,"column":null}},"152":{"start":{"line":255,"column":6},"end":{"line":260,"column":null}},"153":{"start":{"line":256,"column":8},"end":{"line":256,"column":null}},"154":{"start":{"line":257,"column":8},"end":{"line":257,"column":null}},"155":{"start":{"line":258,"column":8},"end":{"line":258,"column":null}},"156":{"start":{"line":259,"column":8},"end":{"line":259,"column":null}},"157":{"start":{"line":265,"column":2},"end":{"line":271,"column":null}},"158":{"start":{"line":266,"column":4},"end":{"line":270,"column":null}},"159":{"start":{"line":267,"column":6},"end":{"line":269,"column":null}},"160":{"start":{"line":268,"column":8},"end":{"line":268,"column":null}},"161":{"start":{"line":273,"column":22},"end":{"line":273,"column":null}},"162":{"start":{"line":274,"column":26},"end":{"line":274,"column":null}},"163":{"start":{"line":352,"column":31},"end":{"line":352,"column":null}},"164":{"start":{"line":353,"column":30},"end":{"line":353,"column":null}},"165":{"start":{"line":354,"column":30},"end":{"line":354,"column":null}},"166":{"start":{"line":355,"column":39},"end":{"line":355,"column":null}},"167":{"start":{"line":356,"column":39},"end":{"line":356,"column":null}},"168":{"start":{"line":357,"column":39},"end":{"line":357,"column":null}},"169":{"start":{"line":360,"column":26},"end":{"line":360,"column":null}},"170":{"start":{"line":361,"column":28},"end":{"line":361,"column":null}},"171":{"start":{"line":362,"column":29},"end":{"line":362,"column":null}},"172":{"start":{"line":364,"column":12},"end":{"line":366,"column":null}}},"fnMap":{"0":{"name":"RevolverPicker","decl":{"start":{"line":15,"column":24},"end":{"line":15,"column":39}},"loc":{"start":{"line":23,"column":22},"end":{"line":398,"column":null}}},"1":{"name":"(anonymous_2)","decl":{"start":{"line":19,"column":16},"end":{"line":19,"column":17}},"loc":{"start":{"line":19,"column":23},"end":{"line":19,"column":35}}},"2":{"name":"(anonymous_3)","decl":{"start":{"line":36,"column":12},"end":{"line":36,"column":null}},"loc":{"start":{"line":36,"column":12},"end":{"line":46,"column":5}}},"3":{"name":"(anonymous_4)","decl":{"start":{"line":49,"column":35},"end":{"line":49,"column":null}},"loc":{"start":{"line":49,"column":35},"end":{"line":60,"column":5}}},"4":{"name":"(anonymous_5)","decl":{"start":{"line":63,"column":38},"end":{"line":63,"column":null}},"loc":{"start":{"line":63,"column":38},"end":{"line":92,"column":5}}},"5":{"name":"(anonymous_6)","decl":{"start":{"line":95,"column":36},"end":{"line":95,"column":37}},"loc":{"start":{"line":95,"column":37},"end":{"line":129,"column":5}}},"6":{"name":"(anonymous_7)","decl":{"start":{"line":132,"column":26},"end":{"line":132,"column":27}},"loc":{"start":{"line":132,"column":27},"end":{"line":148,"column":null}}},"7":{"name":"(anonymous_8)","decl":{"start":{"line":151,"column":38},"end":{"line":151,"column":39}},"loc":{"start":{"line":151,"column":39},"end":{"line":171,"column":5}}},"8":{"name":"(anonymous_9)","decl":{"start":{"line":174,"column":36},"end":{"line":174,"column":null}},"loc":{"start":{"line":174,"column":36},"end":{"line":198,"column":5}}},"9":{"name":"(anonymous_10)","decl":{"start":{"line":201,"column":27},"end":{"line":201,"column":28}},"loc":{"start":{"line":201,"column":28},"end":{"line":218,"column":null}}},"10":{"name":"(anonymous_11)","decl":{"start":{"line":220,"column":38},"end":{"line":220,"column":39}},"loc":{"start":{"line":220,"column":39},"end":{"line":242,"column":5}}},"11":{"name":"(anonymous_12)","decl":{"start":{"line":244,"column":37},"end":{"line":244,"column":null}},"loc":{"start":{"line":244,"column":37},"end":{"line":246,"column":5}}},"12":{"name":"(anonymous_13)","decl":{"start":{"line":248,"column":12},"end":{"line":248,"column":null}},"loc":{"start":{"line":248,"column":12},"end":{"line":262,"column":5}}},"13":{"name":"(anonymous_14)","decl":{"start":{"line":255,"column":13},"end":{"line":255,"column":null}},"loc":{"start":{"line":255,"column":13},"end":{"line":260,"column":null}}},"14":{"name":"(anonymous_15)","decl":{"start":{"line":265,"column":12},"end":{"line":265,"column":null}},"loc":{"start":{"line":265,"column":12},"end":{"line":271,"column":5}}},"15":{"name":"(anonymous_16)","decl":{"start":{"line":266,"column":11},"end":{"line":266,"column":null}},"loc":{"start":{"line":266,"column":11},"end":{"line":270,"column":null}}},"16":{"name":"(anonymous_17)","decl":{"start":{"line":351,"column":21},"end":{"line":351,"column":22}},"loc":{"start":{"line":351,"column":28},"end":{"line":390,"column":null}}}},"branchMap":{"0":{"loc":{"start":{"line":19,"column":2},"end":{"line":19,"column":35}},"type":"default-arg","locations":[{"start":{"line":19,"column":16},"end":{"line":19,"column":35}}]},"1":{"loc":{"start":{"line":20,"column":2},"end":{"line":20,"column":16}},"type":"default-arg","locations":[{"start":{"line":20,"column":14},"end":{"line":20,"column":16}}]},"2":{"loc":{"start":{"line":21,"column":2},"end":{"line":21,"column":17}},"type":"default-arg","locations":[{"start":{"line":21,"column":15},"end":{"line":21,"column":17}}]},"3":{"loc":{"start":{"line":22,"column":2},"end":{"line":22,"column":18}},"type":"default-arg","locations":[{"start":{"line":22,"column":17},"end":{"line":22,"column":18}}]},"4":{"loc":{"start":{"line":38,"column":4},"end":{"line":45,"column":null}},"type":"if","locations":[{"start":{"line":38,"column":4},"end":{"line":45,"column":null}},{"start":{},"end":{}}]},"5":{"loc":{"start":{"line":38,"column":8},"end":{"line":38,"column":67}},"type":"binary-expr","locations":[{"start":{"line":38,"column":8},"end":{"line":38,"column":24}},{"start":{"line":38,"column":24},"end":{"line":38,"column":50}},{"start":{"line":38,"column":54},"end":{"line":38,"column":67}}]},"6":{"loc":{"start":{"line":50,"column":4},"end":{"line":50,"column":null}},"type":"if","locations":[{"start":{"line":50,"column":4},"end":{"line":50,"column":null}},{"start":{},"end":{}}]},"7":{"loc":{"start":{"line":50,"column":8},"end":{"line":50,"column":51}},"type":"binary-expr","locations":[{"start":{"line":50,"column":8},"end":{"line":50,"column":35}},{"start":{"line":50,"column":39},"end":{"line":50,"column":51}}]},"8":{"loc":{"start":{"line":56,"column":4},"end":{"line":59,"column":null}},"type":"if","locations":[{"start":{"line":56,"column":4},"end":{"line":59,"column":null}},{"start":{},"end":{}}]},"9":{"loc":{"start":{"line":64,"column":4},"end":{"line":91,"column":null}},"type":"if","locations":[{"start":{"line":64,"column":4},"end":{"line":91,"column":null}},{"start":{},"end":{}}]},"10":{"loc":{"start":{"line":64,"column":8},"end":{"line":64,"column":52}},"type":"binary-expr","locations":[{"start":{"line":64,"column":8},"end":{"line":64,"column":35}},{"start":{"line":64,"column":39},"end":{"line":64,"column":52}}]},"11":{"loc":{"start":{"line":65,"column":6},"end":{"line":90,"column":null}},"type":"if","locations":[{"start":{"line":65,"column":6},"end":{"line":90,"column":null}},{"start":{"line":73,"column":13},"end":{"line":90,"column":null}}]},"12":{"loc":{"start":{"line":65,"column":10},"end":{"line":65,"column":77}},"type":"binary-expr","locations":[{"start":{"line":65,"column":10},"end":{"line":65,"column":36}},{"start":{"line":65,"column":40},"end":{"line":65,"column":77}}]},"13":{"loc":{"start":{"line":75,"column":8},"end":{"line":88,"column":null}},"type":"if","locations":[{"start":{"line":75,"column":8},"end":{"line":88,"column":null}},{"start":{},"end":{}}]},"14":{"loc":{"start":{"line":99,"column":4},"end":{"line":128,"column":null}},"type":"switch","locations":[{"start":{"line":100,"column":6},"end":{"line":104,"column":null}},{"start":{"line":105,"column":6},"end":{"line":109,"column":null}},{"start":{"line":110,"column":6},"end":{"line":113,"column":null}},{"start":{"line":114,"column":6},"end":{"line":117,"column":null}},{"start":{"line":118,"column":6},"end":{"line":122,"column":null}},{"start":{"line":123,"column":6},"end":{"line":127,"column":null}}]},"15":{"loc":{"start":{"line":140,"column":4},"end":{"line":142,"column":null}},"type":"if","locations":[{"start":{"line":140,"column":4},"end":{"line":142,"column":null}},{"start":{},"end":{}}]},"16":{"loc":{"start":{"line":144,"column":4},"end":{"line":147,"column":null}},"type":"if","locations":[{"start":{"line":144,"column":4},"end":{"line":147,"column":null}},{"start":{},"end":{}}]},"17":{"loc":{"start":{"line":152,"column":4},"end":{"line":152,"column":null}},"type":"if","locations":[{"start":{"line":152,"column":4},"end":{"line":152,"column":null}},{"start":{},"end":{}}]},"18":{"loc":{"start":{"line":152,"column":8},"end":{"line":152,"column":50}},"type":"binary-expr","locations":[{"start":{"line":152,"column":8},"end":{"line":152,"column":23}},{"start":{"line":152,"column":23},"end":{"line":152,"column":50}}]},"19":{"loc":{"start":{"line":158,"column":4},"end":{"line":162,"column":null}},"type":"if","locations":[{"start":{"line":158,"column":4},"end":{"line":162,"column":null}},{"start":{},"end":{}}]},"20":{"loc":{"start":{"line":175,"column":4},"end":{"line":175,"column":null}},"type":"if","locations":[{"start":{"line":175,"column":4},"end":{"line":175,"column":null}},{"start":{},"end":{}}]},"21":{"loc":{"start":{"line":179,"column":4},"end":{"line":197,"column":null}},"type":"if","locations":[{"start":{"line":179,"column":4},"end":{"line":197,"column":null}},{"start":{"line":181,"column":11},"end":{"line":197,"column":null}}]},"22":{"loc":{"start":{"line":183,"column":6},"end":{"line":196,"column":null}},"type":"if","locations":[{"start":{"line":183,"column":6},"end":{"line":196,"column":null}},{"start":{},"end":{}}]},"23":{"loc":{"start":{"line":210,"column":4},"end":{"line":212,"column":null}},"type":"if","locations":[{"start":{"line":210,"column":4},"end":{"line":212,"column":null}},{"start":{},"end":{}}]},"24":{"loc":{"start":{"line":214,"column":4},"end":{"line":217,"column":null}},"type":"if","locations":[{"start":{"line":214,"column":4},"end":{"line":217,"column":null}},{"start":{},"end":{}}]},"25":{"loc":{"start":{"line":221,"column":4},"end":{"line":221,"column":null}},"type":"if","locations":[{"start":{"line":221,"column":4},"end":{"line":221,"column":null}},{"start":{},"end":{}}]},"26":{"loc":{"start":{"line":221,"column":8},"end":{"line":221,"column":50}},"type":"binary-expr","locations":[{"start":{"line":221,"column":8},"end":{"line":221,"column":23}},{"start":{"line":221,"column":23},"end":{"line":221,"column":50}}]},"27":{"loc":{"start":{"line":229,"column":4},"end":{"line":233,"column":null}},"type":"if","locations":[{"start":{"line":229,"column":4},"end":{"line":233,"column":null}},{"start":{},"end":{}}]},"28":{"loc":{"start":{"line":249,"column":4},"end":{"line":261,"column":null}},"type":"if","locations":[{"start":{"line":249,"column":4},"end":{"line":261,"column":null}},{"start":{},"end":{}}]},"29":{"loc":{"start":{"line":267,"column":6},"end":{"line":269,"column":null}},"type":"if","locations":[{"start":{"line":267,"column":6},"end":{"line":269,"column":null}},{"start":{},"end":{}}]},"30":{"loc":{"start":{"line":339,"column":26},"end":{"line":339,"column":null}},"type":"cond-expr","locations":[{"start":{"line":339,"column":39},"end":{"line":339,"column":48}},{"start":{"line":339,"column":48},"end":{"line":339,"column":null}}]},"31":{"loc":{"start":{"line":354,"column":30},"end":{"line":354,"column":null}},"type":"binary-expr","locations":[{"start":{"line":354,"column":30},"end":{"line":354,"column":71}},{"start":{"line":354,"column":71},"end":{"line":354,"column":null}}]},"32":{"loc":{"start":{"line":360,"column":26},"end":{"line":360,"column":null}},"type":"cond-expr","locations":[{"start":{"line":360,"column":39},"end":{"line":360,"column":43}},{"start":{"line":360,"column":43},"end":{"line":360,"column":null}}]},"33":{"loc":{"start":{"line":361,"column":28},"end":{"line":361,"column":null}},"type":"cond-expr","locations":[{"start":{"line":361,"column":41},"end":{"line":361,"column":45}},{"start":{"line":361,"column":45},"end":{"line":361,"column":null}}]},"34":{"loc":{"start":{"line":362,"column":29},"end":{"line":362,"column":null}},"type":"cond-expr","locations":[{"start":{"line":362,"column":42},"end":{"line":362,"column":55}},{"start":{"line":362,"column":55},"end":{"line":362,"column":null}}]},"35":{"loc":{"start":{"line":362,"column":55},"end":{"line":362,"column":null}},"type":"cond-expr","locations":[{"start":{"line":362,"column":82},"end":{"line":362,"column":95}},{"start":{"line":362,"column":95},"end":{"line":362,"column":null}}]},"36":{"loc":{"start":{"line":376,"column":20},"end":{"line":378,"column":null}},"type":"cond-expr","locations":[{"start":{"line":377,"column":24},"end":{"line":377,"column":null}},{"start":{"line":378,"column":24},"end":{"line":378,"column":null}}]}},"s":{"0":0,"1":0,"2":0,"3":0,"4":0,"5":0,"6":0,"7":0,"8":0,"9":0,"10":0,"11":0,"12":0,"13":0,"14":0,"15":0,"16":0,"17":0,"18":0,"19":0,"20":0,"21":0,"22":0,"23":0,"24":0,"25":0,"26":0,"27":0,"28":0,"29":0,"30":0,"31":0,"32":0,"33":0,"34":0,"35":0,"36":0,"37":0,"38":0,"39":0,"40":0,"41":0,"42":0,"43":0,"44":0,"45":0,"46":0,"47":0,"48":0,"49":0,"50":0,"51":0,"52":0,"53":0,"54":0,"55":0,"56":0,"57":0,"58":0,"59":0,"60":0,"61":0,"62":0,"63":0,"64":0,"65":0,"66":0,"67":0,"68":0,"69":0,"70":0,"71":0,"72":0,"73":0,"74":0,"75":0,"76":0,"77":0,"78":0,"79":0,"80":0,"81":0,"82":0,"83":0,"84":0,"85":0,"86":0,"87":0,"88":0,"89":0,"90":0,"91":0,"92":0,"93":0,"94":0,"95":0,"96":0,"97":0,"98":0,"99":0,"100":0,"101":0,"102":0,"103":0,"104":0,"105":0,"106":0,"107":0,"108":0,"109":0,"110":0,"111":0,"112":0,"113":0,"114":0,"115":0,"116":0,"117":0,"118":0,"119":0,"120":0,"121":0,"122":0,"123":0,"124":0,"125":0,"126":0,"127":0,"128":0,"129":0,"130":0,"131":0,"132":0,"133":0,"134":0,"135":0,"136":0,"137":0,"138":0,"139":0,"140":0,"141":0,"142":0,"143":0,"144":0,"145":0,"146":0,"147":0,"148":0,"149":0,"150":0,"151":0,"152":0,"153":0,"154":0,"155":0,"156":0,"157":0,"158":0,"159":0,"160":0,"161":0,"162":0,"163":0,"164":0,"165":0,"166":0,"167":0,"168":0,"169":0,"170":0,"171":0,"172":0},"f":{"0":0,"1":0,"2":0,"3":0,"4":0,"5":0,"6":0,"7":0,"8":0,"9":0,"10":0,"11":0,"12":0,"13":0,"14":0,"15":0,"16":0},"b":{"0":[0],"1":[0],"2":[0],"3":[0],"4":[0,0],"5":[0,0,0],"6":[0,0],"7":[0,0],"8":[0,0],"9":[0,0],"10":[0,0],"11":[0,0],"12":[0,0],"13":[0,0],"14":[0,0,0,0,0,0],"15":[0,0],"16":[0,0],"17":[0,0],"18":[0,0],"19":[0,0],"20":[0,0],"21":[0,0],"22":[0,0],"23":[0,0],"24":[0,0],"25":[0,0],"26":[0,0],"27":[0,0],"28":[0,0],"29":[0,0],"30":[0,0],"31":[0,0],"32":[0,0],"33":[0,0],"34":[0,0],"35":[0,0],"36":[0,0]}}}}
